<?xml version="1.0" encoding="UTF-8" ?>
<testsuite tests="2" failures="0" name="UnitTests.RateBLLTest" time="2.882" errors="2" skipped="0">
  <properties>
[...]
</properties>
  <testcase classname="UnitTests.RateBLLTest" name="MortgageDisplayTest" time="2.647">
    <error message="org.hibernate.Session.close()V" type="java.lang.NoSuchMethodError">java.lang.NoSuchMethodError: org.hibernate.Session.close()V
	at base.RateDAL.getTBLRates(RateDAL.java:43)
	at base.RateDAL.getRate(RateDAL.java:57)
	at ch.makery.address.model.Rate.getPayment(Rate.java:22)
	at UnitTests.RateBLLTest.MortgageDisplayTest(RateBLLTest.java:27)
	at sun.reflect.NativeMethodAccessorImpl.invoke0(Native Method)
	at sun.reflect.NativeMethodAccessorImpl.invoke(NativeMethodAccessorImpl.java:62)
	at sun.reflect.DelegatingMethodAccessorImpl.invoke(DelegatingMethodAccessorImpl.java:43)
	at java.lang.reflect.Method.invoke(Method.java:497)
	at org.junit.runners.model.FrameworkMethod$1.runReflectiveCall(FrameworkMethod.java:47)
	at org.junit.internal.runners.model.ReflectiveCallable.run(ReflectiveCallable.java:12)
	at org.junit.runners.model.FrameworkMethod.invokeExplosively(FrameworkMethod.java:44)
	at org.junit.internal.runners.statements.InvokeMethod.evaluate(InvokeMethod.java:17)
	at org.junit.runners.ParentRunner.runLeaf(ParentRunner.java:271)
	at org.junit.runners.BlockJUnit4ClassRunner.runChild(BlockJUnit4ClassRunner.java:70)
	at org.junit.runners.BlockJUnit4ClassRunner.runChild(BlockJUnit4ClassRunner.java:50)
	at org.junit.runners.ParentRunner$3.run(ParentRunner.java:238)
	at org.junit.runners.ParentRunner$1.schedule(ParentRunner.java:63)
	at org.junit.runners.ParentRunner.runChildren(ParentRunner.java:236)
	at org.junit.runners.ParentRunner.access$000(ParentRunner.java:53)
	at org.junit.runners.ParentRunner$2.evaluate(ParentRunner.java:229)
	at org.junit.runners.ParentRunner.run(ParentRunner.java:309)
	at org.apache.maven.surefire.junit4.JUnit4Provider.execute(JUnit4Provider.java:252)
	at org.apache.maven.surefire.junit4.JUnit4Provider.executeTestSet(JUnit4Provider.java:141)
	at org.apache.maven.surefire.junit4.JUnit4Provider.invoke(JUnit4Provider.java:112)
	at sun.reflect.NativeMethodAccessorImpl.invoke0(Native Method)
	at sun.reflect.NativeMethodAccessorImpl.invoke(NativeMethodAccessorImpl.java:62)
	at sun.reflect.DelegatingMethodAccessorImpl.invoke(DelegatingMethodAccessorImpl.java:43)
	at java.lang.reflect.Method.invoke(Method.java:497)
	at org.apache.maven.surefire.util.ReflectionUtils.invokeMethodWithArray(ReflectionUtils.java:189)
	at org.apache.maven.surefire.booter.ProviderFactory$ProviderProxy.invoke(ProviderFactory.java:165)
	at org.apache.maven.surefire.booter.ProviderFactory.invokeProvider(ProviderFactory.java:85)
	at org.apache.maven.surefire.booter.ForkedBooter.runSuitesInProcess(ForkedBooter.java:115)
	at org.apache.maven.surefire.booter.ForkedBooter.main(ForkedBooter.java:75)
</error>
    <system-out>20:50:16.080 [main] DEBUG org.jboss.logging - Logging Provider: org.jboss.logging.Slf4jLoggerProvider
20:50:16.096 [main] DEBUG org.hibernate.type.BasicTypeRegistry - Adding type registration boolean -&gt; org.hibernate.type.BooleanType@56f4468b
20:50:16.096 [main] DEBUG org.hibernate.type.BasicTypeRegistry - Adding type registration boolean -&gt; org.hibernate.type.BooleanType@56f4468b
20:50:16.097 [main] DEBUG org.hibernate.type.BasicTypeRegistry - Adding type registration java.lang.Boolean -&gt; org.hibernate.type.BooleanType@56f4468b
20:50:16.098 [main] DEBUG org.hibernate.type.BasicTypeRegistry - Adding type registration numeric_boolean -&gt; org.hibernate.type.NumericBooleanType@2ef5e5e3
20:50:16.099 [main] DEBUG org.hibernate.type.BasicTypeRegistry - Adding type registration true_false -&gt; org.hibernate.type.TrueFalseType@7f9a81e8
20:50:16.099 [main] DEBUG org.hibernate.type.BasicTypeRegistry - Adding type registration yes_no -&gt; org.hibernate.type.YesNoType@735b5592
20:50:16.101 [main] DEBUG org.hibernate.type.BasicTypeRegistry - Adding type registration byte -&gt; org.hibernate.type.ByteType@548a9f61
20:50:16.101 [main] DEBUG org.hibernate.type.BasicTypeRegistry - Adding type registration byte -&gt; org.hibernate.type.ByteType@548a9f61
20:50:16.101 [main] DEBUG org.hibernate.type.BasicTypeRegistry - Adding type registration java.lang.Byte -&gt; org.hibernate.type.ByteType@548a9f61
20:50:16.102 [main] DEBUG org.hibernate.type.BasicTypeRegistry - Adding type registration character -&gt; org.hibernate.type.CharacterType@20e2cbe0
20:50:16.102 [main] DEBUG org.hibernate.type.BasicTypeRegistry - Adding type registration char -&gt; org.hibernate.type.CharacterType@20e2cbe0
20:50:16.102 [main] DEBUG org.hibernate.type.BasicTypeRegistry - Adding type registration java.lang.Character -&gt; org.hibernate.type.CharacterType@20e2cbe0
20:50:16.104 [main] DEBUG org.hibernate.type.BasicTypeRegistry - Adding type registration short -&gt; org.hibernate.type.ShortType@1b604f19
20:50:16.104 [main] DEBUG org.hibernate.type.BasicTypeRegistry - Adding type registration short -&gt; org.hibernate.type.ShortType@1b604f19
20:50:16.106 [main] DEBUG org.hibernate.type.BasicTypeRegistry - Adding type registration java.lang.Short -&gt; org.hibernate.type.ShortType@1b604f19
20:50:16.107 [main] DEBUG org.hibernate.type.BasicTypeRegistry - Adding type registration integer -&gt; org.hibernate.type.IntegerType@4678c730
20:50:16.107 [main] DEBUG org.hibernate.type.BasicTypeRegistry - Adding type registration int -&gt; org.hibernate.type.IntegerType@4678c730
20:50:16.107 [main] DEBUG org.hibernate.type.BasicTypeRegistry - Adding type registration java.lang.Integer -&gt; org.hibernate.type.IntegerType@4678c730
20:50:16.109 [main] DEBUG org.hibernate.type.BasicTypeRegistry - Adding type registration long -&gt; org.hibernate.type.LongType@18be83e4
20:50:16.109 [main] DEBUG org.hibernate.type.BasicTypeRegistry - Adding type registration long -&gt; org.hibernate.type.LongType@18be83e4
20:50:16.109 [main] DEBUG org.hibernate.type.BasicTypeRegistry - Adding type registration java.lang.Long -&gt; org.hibernate.type.LongType@18be83e4
20:50:16.110 [main] DEBUG org.hibernate.type.BasicTypeRegistry - Adding type registration float -&gt; org.hibernate.type.FloatType@14acaea5
20:50:16.110 [main] DEBUG org.hibernate.type.BasicTypeRegistry - Adding type registration float -&gt; org.hibernate.type.FloatType@14acaea5
20:50:16.110 [main] DEBUG org.hibernate.type.BasicTypeRegistry - Adding type registration java.lang.Float -&gt; org.hibernate.type.FloatType@14acaea5
20:50:16.112 [main] DEBUG org.hibernate.type.BasicTypeRegistry - Adding type registration double -&gt; org.hibernate.type.DoubleType@5b275dab
20:50:16.112 [main] DEBUG org.hibernate.type.BasicTypeRegistry - Adding type registration double -&gt; org.hibernate.type.DoubleType@5b275dab
20:50:16.112 [main] DEBUG org.hibernate.type.BasicTypeRegistry - Adding type registration java.lang.Double -&gt; org.hibernate.type.DoubleType@5b275dab
20:50:16.113 [main] DEBUG org.hibernate.type.BasicTypeRegistry - Adding type registration big_decimal -&gt; org.hibernate.type.BigDecimalType@59f99ea
20:50:16.114 [main] DEBUG org.hibernate.type.BasicTypeRegistry - Adding type registration java.math.BigDecimal -&gt; org.hibernate.type.BigDecimalType@59f99ea
20:50:16.115 [main] DEBUG org.hibernate.type.BasicTypeRegistry - Adding type registration big_integer -&gt; org.hibernate.type.BigIntegerType@66a3ffec
20:50:16.115 [main] DEBUG org.hibernate.type.BasicTypeRegistry - Adding type registration java.math.BigInteger -&gt; org.hibernate.type.BigIntegerType@66a3ffec
20:50:16.116 [main] DEBUG org.hibernate.type.BasicTypeRegistry - Adding type registration string -&gt; org.hibernate.type.StringType@1bce4f0a
20:50:16.116 [main] DEBUG org.hibernate.type.BasicTypeRegistry - Adding type registration java.lang.String -&gt; org.hibernate.type.StringType@1bce4f0a
20:50:16.117 [main] DEBUG org.hibernate.type.BasicTypeRegistry - Adding type registration nstring -&gt; org.hibernate.type.StringNVarcharType@6a4f787b
20:50:16.117 [main] DEBUG org.hibernate.type.BasicTypeRegistry - Adding type registration ncharacter -&gt; org.hibernate.type.CharacterNCharType@6093dd95
20:50:16.118 [main] DEBUG org.hibernate.type.BasicTypeRegistry - Adding type registration url -&gt; org.hibernate.type.UrlType@1794d431
20:50:16.118 [main] DEBUG org.hibernate.type.BasicTypeRegistry - Adding type registration java.net.URL -&gt; org.hibernate.type.UrlType@1794d431
20:50:16.120 [main] DEBUG org.hibernate.type.BasicTypeRegistry - Adding type registration date -&gt; org.hibernate.type.DateType@77cd7a0
20:50:16.120 [main] DEBUG org.hibernate.type.BasicTypeRegistry - Adding type registration java.sql.Date -&gt; org.hibernate.type.DateType@77cd7a0
20:50:16.122 [main] DEBUG org.hibernate.type.BasicTypeRegistry - Adding type registration time -&gt; org.hibernate.type.TimeType@464bee09
20:50:16.122 [main] DEBUG org.hibernate.type.BasicTypeRegistry - Adding type registration java.sql.Time -&gt; org.hibernate.type.TimeType@464bee09
20:50:16.123 [main] DEBUG org.hibernate.type.BasicTypeRegistry - Adding type registration timestamp -&gt; org.hibernate.type.TimestampType@598067a5
20:50:16.123 [main] DEBUG org.hibernate.type.BasicTypeRegistry - Adding type registration java.sql.Timestamp -&gt; org.hibernate.type.TimestampType@598067a5
20:50:16.123 [main] DEBUG org.hibernate.type.BasicTypeRegistry - Adding type registration java.util.Date -&gt; org.hibernate.type.TimestampType@598067a5
20:50:16.125 [main] DEBUG org.hibernate.type.BasicTypeRegistry - Adding type registration dbtimestamp -&gt; org.hibernate.type.DbTimestampType@5f341870
20:50:16.126 [main] DEBUG org.hibernate.type.BasicTypeRegistry - Adding type registration calendar -&gt; org.hibernate.type.CalendarType@42dafa95
20:50:16.126 [main] DEBUG org.hibernate.type.BasicTypeRegistry - Adding type registration java.util.Calendar -&gt; org.hibernate.type.CalendarType@42dafa95
20:50:16.126 [main] DEBUG org.hibernate.type.BasicTypeRegistry - Adding type registration java.util.GregorianCalendar -&gt; org.hibernate.type.CalendarType@42dafa95
20:50:16.127 [main] DEBUG org.hibernate.type.BasicTypeRegistry - Adding type registration calendar_date -&gt; org.hibernate.type.CalendarDateType@59ec2012
20:50:16.128 [main] DEBUG org.hibernate.type.BasicTypeRegistry - Adding type registration locale -&gt; org.hibernate.type.LocaleType@7085bdee
20:50:16.128 [main] DEBUG org.hibernate.type.BasicTypeRegistry - Adding type registration java.util.Locale -&gt; org.hibernate.type.LocaleType@7085bdee
20:50:16.128 [main] DEBUG org.hibernate.type.BasicTypeRegistry - Adding type registration currency -&gt; org.hibernate.type.CurrencyType@e45f292
20:50:16.129 [main] DEBUG org.hibernate.type.BasicTypeRegistry - Adding type registration java.util.Currency -&gt; org.hibernate.type.CurrencyType@e45f292
20:50:16.129 [main] DEBUG org.hibernate.type.BasicTypeRegistry - Adding type registration timezone -&gt; org.hibernate.type.TimeZoneType@490ab905
20:50:16.129 [main] DEBUG org.hibernate.type.BasicTypeRegistry - Adding type registration java.util.TimeZone -&gt; org.hibernate.type.TimeZoneType@490ab905
20:50:16.130 [main] DEBUG org.hibernate.type.BasicTypeRegistry - Adding type registration class -&gt; org.hibernate.type.ClassType@59494225
20:50:16.130 [main] DEBUG org.hibernate.type.BasicTypeRegistry - Adding type registration java.lang.Class -&gt; org.hibernate.type.ClassType@59494225
20:50:16.132 [main] DEBUG org.hibernate.type.BasicTypeRegistry - Adding type registration uuid-binary -&gt; org.hibernate.type.UUIDBinaryType@25bbe1b6
20:50:16.132 [main] DEBUG org.hibernate.type.BasicTypeRegistry - Adding type registration java.util.UUID -&gt; org.hibernate.type.UUIDBinaryType@25bbe1b6
20:50:16.132 [main] DEBUG org.hibernate.type.BasicTypeRegistry - Adding type registration uuid-char -&gt; org.hibernate.type.UUIDCharType@4b952a2d
20:50:16.133 [main] DEBUG org.hibernate.type.BasicTypeRegistry - Adding type registration pg-uuid -&gt; org.hibernate.type.PostgresUUIDType@5649fd9b
20:50:16.134 [main] DEBUG org.hibernate.type.BasicTypeRegistry - Adding type registration binary -&gt; org.hibernate.type.BinaryType@20322d26
20:50:16.134 [main] DEBUG org.hibernate.type.BasicTypeRegistry - Adding type registration byte[] -&gt; org.hibernate.type.BinaryType@20322d26
20:50:16.134 [main] DEBUG org.hibernate.type.BasicTypeRegistry - Adding type registration [B -&gt; org.hibernate.type.BinaryType@20322d26
20:50:16.135 [main] DEBUG org.hibernate.type.BasicTypeRegistry - Adding type registration wrapper-binary -&gt; org.hibernate.type.WrapperBinaryType@148080bb
20:50:16.135 [main] DEBUG org.hibernate.type.BasicTypeRegistry - Adding type registration Byte[] -&gt; org.hibernate.type.WrapperBinaryType@148080bb
20:50:16.135 [main] DEBUG org.hibernate.type.BasicTypeRegistry - Adding type registration [Ljava.lang.Byte; -&gt; org.hibernate.type.WrapperBinaryType@148080bb
20:50:16.136 [main] DEBUG org.hibernate.type.BasicTypeRegistry - Adding type registration image -&gt; org.hibernate.type.ImageType@617faa95
20:50:16.137 [main] DEBUG org.hibernate.type.BasicTypeRegistry - Adding type registration characters -&gt; org.hibernate.type.CharArrayType@31dc339b
20:50:16.137 [main] DEBUG org.hibernate.type.BasicTypeRegistry - Adding type registration char[] -&gt; org.hibernate.type.CharArrayType@31dc339b
20:50:16.137 [main] DEBUG org.hibernate.type.BasicTypeRegistry - Adding type registration [C -&gt; org.hibernate.type.CharArrayType@31dc339b
20:50:16.138 [main] DEBUG org.hibernate.type.BasicTypeRegistry - Adding type registration wrapper-characters -&gt; org.hibernate.type.CharacterArrayType@a67c67e
20:50:16.138 [main] DEBUG org.hibernate.type.BasicTypeRegistry - Adding type registration [Ljava.lang.Character; -&gt; org.hibernate.type.CharacterArrayType@a67c67e
20:50:16.138 [main] DEBUG org.hibernate.type.BasicTypeRegistry - Adding type registration Character[] -&gt; org.hibernate.type.CharacterArrayType@a67c67e
20:50:16.138 [main] DEBUG org.hibernate.type.BasicTypeRegistry - Adding type registration text -&gt; org.hibernate.type.TextType@5ce81285
20:50:16.139 [main] DEBUG org.hibernate.type.BasicTypeRegistry - Adding type registration ntext -&gt; org.hibernate.type.NTextType@2ac273d3
20:50:16.143 [main] DEBUG org.hibernate.type.BasicTypeRegistry - Adding type registration blob -&gt; org.hibernate.type.BlobType@eec5a4a
20:50:16.143 [main] DEBUG org.hibernate.type.BasicTypeRegistry - Adding type registration java.sql.Blob -&gt; org.hibernate.type.BlobType@eec5a4a
20:50:16.143 [main] DEBUG org.hibernate.type.BasicTypeRegistry - Adding type registration materialized_blob -&gt; org.hibernate.type.MaterializedBlobType@57536d79
20:50:16.146 [main] DEBUG org.hibernate.type.BasicTypeRegistry - Adding type registration clob -&gt; org.hibernate.type.ClobType@3dd4520b
20:50:16.146 [main] DEBUG org.hibernate.type.BasicTypeRegistry - Adding type registration java.sql.Clob -&gt; org.hibernate.type.ClobType@3dd4520b
20:50:16.149 [main] DEBUG org.hibernate.type.BasicTypeRegistry - Adding type registration nclob -&gt; org.hibernate.type.NClobType@cd2dae5
20:50:16.149 [main] DEBUG org.hibernate.type.BasicTypeRegistry - Adding type registration java.sql.NClob -&gt; org.hibernate.type.NClobType@cd2dae5
20:50:16.150 [main] DEBUG org.hibernate.type.BasicTypeRegistry - Adding type registration materialized_clob -&gt; org.hibernate.type.MaterializedClobType@6321e813
20:50:16.150 [main] DEBUG org.hibernate.type.BasicTypeRegistry - Adding type registration materialized_nclob -&gt; org.hibernate.type.MaterializedNClobType@57855c9a
20:50:16.151 [main] DEBUG org.hibernate.type.BasicTypeRegistry - Adding type registration serializable -&gt; org.hibernate.type.SerializableType@6737fd8f
20:50:16.153 [main] DEBUG org.hibernate.type.BasicTypeRegistry - Adding type registration object -&gt; org.hibernate.type.ObjectType@7d0587f1
20:50:16.153 [main] DEBUG org.hibernate.type.BasicTypeRegistry - Adding type registration java.lang.Object -&gt; org.hibernate.type.ObjectType@7d0587f1
20:50:16.154 [main] DEBUG org.hibernate.type.BasicTypeRegistry - Adding type registration imm_date -&gt; org.hibernate.type.AdaptedImmutableType@4f063c0a
20:50:16.154 [main] DEBUG org.hibernate.type.BasicTypeRegistry - Adding type registration imm_time -&gt; org.hibernate.type.AdaptedImmutableType@1e6d1014
20:50:16.154 [main] DEBUG org.hibernate.type.BasicTypeRegistry - Adding type registration imm_timestamp -&gt; org.hibernate.type.AdaptedImmutableType@76707e36
20:50:16.154 [main] DEBUG org.hibernate.type.BasicTypeRegistry - Adding type registration imm_dbtimestamp -&gt; org.hibernate.type.AdaptedImmutableType@614ddd49
20:50:16.154 [main] DEBUG org.hibernate.type.BasicTypeRegistry - Adding type registration imm_calendar -&gt; org.hibernate.type.AdaptedImmutableType@1f554b06
20:50:16.154 [main] DEBUG org.hibernate.type.BasicTypeRegistry - Adding type registration imm_calendar_date -&gt; org.hibernate.type.AdaptedImmutableType@694e1548
20:50:16.155 [main] DEBUG org.hibernate.type.BasicTypeRegistry - Adding type registration imm_binary -&gt; org.hibernate.type.AdaptedImmutableType@1c3a4799
20:50:16.155 [main] DEBUG org.hibernate.type.BasicTypeRegistry - Adding type registration imm_serializable -&gt; org.hibernate.type.AdaptedImmutableType@131276c2
20:50:16.169 [main] INFO  o.h.annotations.common.Version - HCANN000001: Hibernate Commons Annotations {4.0.1.Final}
20:50:16.174 [main] INFO  org.hibernate.Version - HHH000412: Hibernate Core {4.2.1.Final}
20:50:16.176 [main] INFO  org.hibernate.cfg.Environment - HHH000206: hibernate.properties not found
20:50:16.177 [main] INFO  org.hibernate.cfg.Environment - HHH000021: Bytecode provider name : javassist
20:50:16.187 [main] DEBUG o.h.i.f.i.DefaultIdentifierGeneratorFactory - Registering IdentifierGenerator strategy [uuid2] -&gt; [org.hibernate.id.UUIDGenerator]
20:50:16.187 [main] DEBUG o.h.i.f.i.DefaultIdentifierGeneratorFactory - Registering IdentifierGenerator strategy [guid] -&gt; [org.hibernate.id.GUIDGenerator]
20:50:16.188 [main] DEBUG o.h.i.f.i.DefaultIdentifierGeneratorFactory - Registering IdentifierGenerator strategy [uuid] -&gt; [org.hibernate.id.UUIDHexGenerator]
20:50:16.188 [main] DEBUG o.h.i.f.i.DefaultIdentifierGeneratorFactory - Registering IdentifierGenerator strategy [uuid.hex] -&gt; [org.hibernate.id.UUIDHexGenerator]
20:50:16.189 [main] DEBUG o.h.i.f.i.DefaultIdentifierGeneratorFactory - Registering IdentifierGenerator strategy [hilo] -&gt; [org.hibernate.id.TableHiLoGenerator]
20:50:16.189 [main] DEBUG o.h.i.f.i.DefaultIdentifierGeneratorFactory - Registering IdentifierGenerator strategy [assigned] -&gt; [org.hibernate.id.Assigned]
20:50:16.190 [main] DEBUG o.h.i.f.i.DefaultIdentifierGeneratorFactory - Registering IdentifierGenerator strategy [identity] -&gt; [org.hibernate.id.IdentityGenerator]
20:50:16.191 [main] DEBUG o.h.i.f.i.DefaultIdentifierGeneratorFactory - Registering IdentifierGenerator strategy [select] -&gt; [org.hibernate.id.SelectGenerator]
20:50:16.191 [main] DEBUG o.h.i.f.i.DefaultIdentifierGeneratorFactory - Registering IdentifierGenerator strategy [sequence] -&gt; [org.hibernate.id.SequenceGenerator]
20:50:16.192 [main] DEBUG o.h.i.f.i.DefaultIdentifierGeneratorFactory - Registering IdentifierGenerator strategy [seqhilo] -&gt; [org.hibernate.id.SequenceHiLoGenerator]
20:50:16.192 [main] DEBUG o.h.i.f.i.DefaultIdentifierGeneratorFactory - Registering IdentifierGenerator strategy [increment] -&gt; [org.hibernate.id.IncrementGenerator]
20:50:16.192 [main] DEBUG o.h.i.f.i.DefaultIdentifierGeneratorFactory - Registering IdentifierGenerator strategy [foreign] -&gt; [org.hibernate.id.ForeignGenerator]
20:50:16.193 [main] DEBUG o.h.i.f.i.DefaultIdentifierGeneratorFactory - Registering IdentifierGenerator strategy [sequence-identity] -&gt; [org.hibernate.id.SequenceIdentityGenerator]
20:50:16.193 [main] DEBUG o.h.i.f.i.DefaultIdentifierGeneratorFactory - Registering IdentifierGenerator strategy [enhanced-sequence] -&gt; [org.hibernate.id.enhanced.SequenceStyleGenerator]
20:50:16.194 [main] DEBUG o.h.i.f.i.DefaultIdentifierGeneratorFactory - Registering IdentifierGenerator strategy [enhanced-table] -&gt; [org.hibernate.id.enhanced.TableGenerator]
20:50:16.196 [main] INFO  org.hibernate.cfg.Configuration - HHH000043: Configuring from resource: /hibernate.cfg.xml
20:50:16.196 [main] INFO  org.hibernate.cfg.Configuration - HHH000040: Configuration resource: /hibernate.cfg.xml
20:50:16.233 [main] DEBUG o.h.i.util.xml.DTDEntityResolver - Trying to resolve system-id [http://www.hibernate.org/dtd/hibernate-configuration-3.0.dtd]
20:50:16.233 [main] DEBUG o.h.i.util.xml.DTDEntityResolver - Recognized hibernate namespace; attempting to resolve on classpath under org/hibernate/
20:50:16.234 [main] DEBUG o.h.i.util.xml.DTDEntityResolver - Located [http://www.hibernate.org/dtd/hibernate-configuration-3.0.dtd] in classpath
20:50:16.249 [main] DEBUG org.hibernate.cfg.Configuration - hibernate.dialect=org.hibernate.dialect.Oracle10gDialect
20:50:16.249 [main] DEBUG org.hibernate.cfg.Configuration - hibernate.default_schema=KimD
20:50:16.249 [main] DEBUG org.hibernate.cfg.Configuration - hibernate.connection.username=KimD
20:50:16.249 [main] DEBUG org.hibernate.cfg.Configuration - hibernate.connection.password=MTTFWWETNAfan1
20:50:16.249 [main] DEBUG org.hibernate.cfg.Configuration - hibernate.connection.url=jdbc:oracle:thin:@cisc181.ci3wacsy5j84.us-east-1.rds.amazonaws.com:1521:ORCL
20:50:16.249 [main] DEBUG org.hibernate.cfg.Configuration - show_sql=true
20:50:16.250 [main] DEBUG org.hibernate.cfg.Configuration - format_sql=true
20:50:16.250 [main] DEBUG org.hibernate.cfg.Configuration - hibernate.hbm2ddl.auto=update
20:50:16.250 [main] DEBUG org.hibernate.cfg.Configuration - Session-factory config [null] named resource [mapping/Rate.hbm.xml] for mapping
20:50:16.250 [main] INFO  org.hibernate.cfg.Configuration - HHH000221: Reading mappings from resource: mapping/Rate.hbm.xml
20:50:16.288 [main] DEBUG o.h.i.util.xml.DTDEntityResolver - Trying to resolve system-id [http://hibernate.sourceforge.net/hibernate-mapping-3.0.dtd]
20:50:16.289 [main] WARN  o.h.i.util.xml.DTDEntityResolver - HHH000223: Recognized obsolete hibernate namespace http://hibernate.sourceforge.net/. Use namespace http://www.hibernate.org/dtd/ instead. Refer to Hibernate 3.6 Migration Guide!
20:50:16.289 [main] DEBUG o.h.i.util.xml.DTDEntityResolver - Attempting to resolve on classpath under org/hibernate/
20:50:16.290 [main] DEBUG o.h.i.util.xml.DTDEntityResolver - Located [http://hibernate.sourceforge.net/hibernate-mapping-3.0.dtd] in classpath
20:50:16.314 [main] INFO  org.hibernate.cfg.Configuration - HHH000041: Configured SessionFactory: null
20:50:16.315 [main] DEBUG org.hibernate.cfg.Configuration - Properties: {hibernate.connection.password=MTTFWWETNAfan1, java.runtime.name=Java(TM) SE Runtime Environment, hibernate.default_schema=KimD, sun.boot.library.path=C:\Program Files\Java\jdk1.8.0_60\jre\bin, java.vm.version=25.60-b23, hibernate.connection.username=KimD, java.vm.vendor=Oracle Corporation, java.vendor.url=http://java.oracle.com/, path.separator=;, java.vm.name=Java HotSpot(TM) 64-Bit Server VM, file.encoding.pkg=sun.io, user.script=, user.country=US, sun.java.launcher=SUN_STANDARD, sun.os.patch.level=, java.vm.specification.name=Java Virtual Machine Specification, user.dir=C:\Users\Daniel\git\FinalExamStarter\FirstBankMortgage_JavaFx, java.runtime.version=1.8.0_60-b27, java.awt.graphicsenv=sun.awt.Win32GraphicsEnvironment, basedir=C:\Users\Daniel\git\FinalExamStarter\FirstBankMortgage_JavaFx, java.endorsed.dirs=C:\Program Files\Java\jdk1.8.0_60\jre\lib\endorsed, os.arch=amd64, surefire.real.class.path=C:\Users\Daniel\git\FinalExamStarter\FirstBankMortgage_JavaFx\target\surefire\surefirebooter7568820008954962173.jar, java.io.tmpdir=C:\Users\Daniel\AppData\Local\Temp\, line.separator=
, java.vm.specification.vendor=Oracle Corporation, user.variant=, os.name=Windows 10, sun.jnu.encoding=Cp1252, java.library.path=C:\Program Files\Java\jdk1.8.0_60\jre\bin;C:\WINDOWS\Sun\Java\bin;C:\WINDOWS\system32;C:\WINDOWS;C:/Program Files/Java/jre1.8.0_66/bin/server;C:/Program Files/Java/jre1.8.0_66/bin;C:/Program Files/Java/jre1.8.0_66/lib/amd64;C:\ProgramData\Oracle\Java\javapath;C:\Program Files (x86)\NVIDIA Corporation\PhysX\Common;c:\Program Files (x86)\Intel\iCLS Client\;c:\Program Files\Intel\iCLS Client\;C:\WINDOWS\system32;C:\WINDOWS;C:\WINDOWS\System32\Wbem;C:\WINDOWS\System32\WindowsPowerShell\v1.0\;C:\Program Files\Hewlett-Packard\SimplePass\;C:\Program Files\Intel\Intel(R) Management Engine Components\DAL;C:\Program Files\Intel\Intel(R) Management Engine Components\IPT;C:\Program Files (x86)\Intel\Intel(R) Management Engine Components\DAL;C:\Program Files (x86)\Intel\Intel(R) Management Engine Components\IPT;c:\Program Files\Intel\WiFi\bin\;c:\Program Files\Common Files\Intel\WirelessCommon\;C:\Program Files (x86)\QuickTime\QTSystem\;c:\Program Files\Intel\WiFi\bin\;c:\Program Files\Common Files\Intel\WirelessCommon\;C:\Eclipse\Eclipse Mars J2SE\eclipse-java-mars-R-win32-x86_64\eclipse;;., surefire.test.class.path=C:\Users\Daniel\git\FinalExamStarter\FirstBankMortgage_JavaFx\target\test-classes;C:\Users\Daniel\git\FinalExamStarter\FirstBankMortgage_JavaFx\target\classes;C:\Users\Daniel\.m2\repository\org\springframework\spring-context\3.2.3.RELEASE\spring-context-3.2.3.RELEASE.jar;C:\Users\Daniel\.m2\repository\org\springframework\spring-aop\3.2.3.RELEASE\spring-aop-3.2.3.RELEASE.jar;C:\Users\Daniel\.m2\repository\org\springframework\spring-beans\3.2.3.RELEASE\spring-beans-3.2.3.RELEASE.jar;C:\Users\Daniel\.m2\repository\org\springframework\spring-core\3.2.3.RELEASE\spring-core-3.2.3.RELEASE.jar;C:\Users\Daniel\.m2\repository\commons-logging\commons-logging\1.1.1\commons-logging-1.1.1.jar;C:\Users\Daniel\.m2\repository\org\springframework\spring-expression\3.2.3.RELEASE\spring-expression-3.2.3.RELEASE.jar;C:\Users\Daniel\.m2\repository\org\springframework\spring-tx\3.2.3.RELEASE\spring-tx-3.2.3.RELEASE.jar;C:\Users\Daniel\.m2\repository\aopalliance\aopalliance\1.0\aopalliance-1.0.jar;C:\Users\Daniel\.m2\repository\org\slf4j\slf4j-api\1.7.5\slf4j-api-1.7.5.jar;C:\Users\Daniel\.m2\repository\ch\qos\logback\logback-classic\1.0.13\logback-classic-1.0.13.jar;C:\Users\Daniel\.m2\repository\ch\qos\logback\logback-core\1.0.13\logback-core-1.0.13.jar;C:\Users\Daniel\.m2\repository\org\hibernate\hibernate-entitymanager\4.2.1.Final\hibernate-entitymanager-4.2.1.Final.jar;C:\Users\Daniel\.m2\repository\org\jboss\logging\jboss-logging\3.1.0.GA\jboss-logging-3.1.0.GA.jar;C:\Users\Daniel\.m2\repository\org\hibernate\hibernate-core\4.2.1.Final\hibernate-core-4.2.1.Final.jar;C:\Users\Daniel\.m2\repository\antlr\antlr\2.7.7\antlr-2.7.7.jar;C:\Users\Daniel\.m2\repository\dom4j\dom4j\1.6.1\dom4j-1.6.1.jar;C:\Users\Daniel\.m2\repository\org\jboss\spec\javax\transaction\jboss-transaction-api_1.1_spec\1.0.1.Final\jboss-transaction-api_1.1_spec-1.0.1.Final.jar;C:\Users\Daniel\.m2\repository\org\hibernate\javax\persistence\hibernate-jpa-2.0-api\1.0.1.Final\hibernate-jpa-2.0-api-1.0.1.Final.jar;C:\Users\Daniel\.m2\repository\org\javassist\javassist\3.15.0-GA\javassist-3.15.0-GA.jar;C:\Users\Daniel\.m2\repository\org\hibernate\common\hibernate-commons-annotations\4.0.1.Final\hibernate-commons-annotations-4.0.1.Final.jar;C:\Users\Daniel\.m2\repository\org\springframework\spring-test\3.2.3.RELEASE\spring-test-3.2.3.RELEASE.jar;C:\Users\Daniel\.m2\repository\junit\junit\4.11\junit-4.11.jar;C:\Users\Daniel\.m2\repository\org\hamcrest\hamcrest-core\1.3\hamcrest-core-1.3.jar;C:\Users\Daniel\.m2\repository\org\springframework\samples\FirstBankMortgage_DAL\0.0.1-SNAPSHOT\FirstBankMortgage_DAL-0.0.1-SNAPSHOT.jar;C:\Users\Daniel\.m2\repository\org\apache\poi\poi\3.9\poi-3.9.jar;C:\Users\Daniel\.m2\repository\commons-codec\commons-codec\1.5\commons-codec-1.5.jar;C:\Users\Daniel\.m2\repository\com\oracle\ojdbc6\11.2.0.3\ojdbc6-11.2.0.3.jar;, java.specification.name=Java Platform API Specification, java.class.version=52.0, sun.management.compiler=HotSpot 64-Bit Tiered Compilers, os.version=10.0, user.home=C:\Users\Daniel, user.timezone=America/New_York, java.awt.printerjob=sun.awt.windows.WPrinterJob, file.encoding=Cp1252, java.specification.version=1.8, hibernate.format_sql=true, show_sql=true, java.class.path=C:\Users\Daniel\git\FinalExamStarter\FirstBankMortgage_JavaFx\target\test-classes;C:\Users\Daniel\git\FinalExamStarter\FirstBankMortgage_JavaFx\target\classes;C:\Users\Daniel\.m2\repository\org\springframework\spring-context\3.2.3.RELEASE\spring-context-3.2.3.RELEASE.jar;C:\Users\Daniel\.m2\repository\org\springframework\spring-aop\3.2.3.RELEASE\spring-aop-3.2.3.RELEASE.jar;C:\Users\Daniel\.m2\repository\org\springframework\spring-beans\3.2.3.RELEASE\spring-beans-3.2.3.RELEASE.jar;C:\Users\Daniel\.m2\repository\org\springframework\spring-core\3.2.3.RELEASE\spring-core-3.2.3.RELEASE.jar;C:\Users\Daniel\.m2\repository\commons-logging\commons-logging\1.1.1\commons-logging-1.1.1.jar;C:\Users\Daniel\.m2\repository\org\springframework\spring-expression\3.2.3.RELEASE\spring-expression-3.2.3.RELEASE.jar;C:\Users\Daniel\.m2\repository\org\springframework\spring-tx\3.2.3.RELEASE\spring-tx-3.2.3.RELEASE.jar;C:\Users\Daniel\.m2\repository\aopalliance\aopalliance\1.0\aopalliance-1.0.jar;C:\Users\Daniel\.m2\repository\org\slf4j\slf4j-api\1.7.5\slf4j-api-1.7.5.jar;C:\Users\Daniel\.m2\repository\ch\qos\logback\logback-classic\1.0.13\logback-classic-1.0.13.jar;C:\Users\Daniel\.m2\repository\ch\qos\logback\logback-core\1.0.13\logback-core-1.0.13.jar;C:\Users\Daniel\.m2\repository\org\hibernate\hibernate-entitymanager\4.2.1.Final\hibernate-entitymanager-4.2.1.Final.jar;C:\Users\Daniel\.m2\repository\org\jboss\logging\jboss-logging\3.1.0.GA\jboss-logging-3.1.0.GA.jar;C:\Users\Daniel\.m2\repository\org\hibernate\hibernate-core\4.2.1.Final\hibernate-core-4.2.1.Final.jar;C:\Users\Daniel\.m2\repository\antlr\antlr\2.7.7\antlr-2.7.7.jar;C:\Users\Daniel\.m2\repository\dom4j\dom4j\1.6.1\dom4j-1.6.1.jar;C:\Users\Daniel\.m2\repository\org\jboss\spec\javax\transaction\jboss-transaction-api_1.1_spec\1.0.1.Final\jboss-transaction-api_1.1_spec-1.0.1.Final.jar;C:\Users\Daniel\.m2\repository\org\hibernate\javax\persistence\hibernate-jpa-2.0-api\1.0.1.Final\hibernate-jpa-2.0-api-1.0.1.Final.jar;C:\Users\Daniel\.m2\repository\org\javassist\javassist\3.15.0-GA\javassist-3.15.0-GA.jar;C:\Users\Daniel\.m2\repository\org\hibernate\common\hibernate-commons-annotations\4.0.1.Final\hibernate-commons-annotations-4.0.1.Final.jar;C:\Users\Daniel\.m2\repository\org\springframework\spring-test\3.2.3.RELEASE\spring-test-3.2.3.RELEASE.jar;C:\Users\Daniel\.m2\repository\junit\junit\4.11\junit-4.11.jar;C:\Users\Daniel\.m2\repository\org\hamcrest\hamcrest-core\1.3\hamcrest-core-1.3.jar;C:\Users\Daniel\.m2\repository\org\springframework\samples\FirstBankMortgage_DAL\0.0.1-SNAPSHOT\FirstBankMortgage_DAL-0.0.1-SNAPSHOT.jar;C:\Users\Daniel\.m2\repository\org\apache\poi\poi\3.9\poi-3.9.jar;C:\Users\Daniel\.m2\repository\commons-codec\commons-codec\1.5\commons-codec-1.5.jar;C:\Users\Daniel\.m2\repository\com\oracle\ojdbc6\11.2.0.3\ojdbc6-11.2.0.3.jar;, user.name=Daniel, format_sql=true, hibernate.bytecode.use_reflection_optimizer=false, hibernate.show_sql=true, java.vm.specification.version=1.8, sun.java.command=C:\Users\Daniel\git\FinalExamStarter\FirstBankMortgage_JavaFx\target\surefire\surefirebooter7568820008954962173.jar C:\Users\Daniel\git\FinalExamStarter\FirstBankMortgage_JavaFx\target\surefire\surefire4395140557835400600tmp C:\Users\Daniel\git\FinalExamStarter\FirstBankMortgage_JavaFx\target\surefire\surefire_02264228388156022720tmp, java.home=C:\Program Files\Java\jdk1.8.0_60\jre, sun.arch.data.model=64, hibernate.connection.url=jdbc:oracle:thin:@cisc181.ci3wacsy5j84.us-east-1.rds.amazonaws.com:1521:ORCL, hibernate.dialect=org.hibernate.dialect.Oracle10gDialect, user.language=en, java.specification.vendor=Oracle Corporation, awt.toolkit=sun.awt.windows.WToolkit, java.vm.info=mixed mode, java.version=1.8.0_60, java.ext.dirs=C:\Program Files\Java\jdk1.8.0_60\jre\lib\ext;C:\WINDOWS\Sun\Java\lib\ext, sun.boot.class.path=C:\Program Files\Java\jdk1.8.0_60\jre\lib\resources.jar;C:\Program Files\Java\jdk1.8.0_60\jre\lib\rt.jar;C:\Program Files\Java\jdk1.8.0_60\jre\lib\sunrsasign.jar;C:\Program Files\Java\jdk1.8.0_60\jre\lib\jsse.jar;C:\Program Files\Java\jdk1.8.0_60\jre\lib\jce.jar;C:\Program Files\Java\jdk1.8.0_60\jre\lib\charsets.jar;C:\Program Files\Java\jdk1.8.0_60\jre\lib\jfr.jar;C:\Program Files\Java\jdk1.8.0_60\jre\classes, java.vendor=Oracle Corporation, localRepository=C:\Users\Daniel\.m2\repository, file.separator=\, hibernate.hbm2ddl.auto=update, java.vendor.url.bug=http://bugreport.sun.com/bugreport/, sun.io.unicode.encoding=UnicodeLittle, sun.cpu.endian=little, sun.desktop=windows, sun.cpu.isalist=amd64}
20:50:16.325 [main] DEBUG o.h.i.internal.IntegratorServiceImpl - Adding Integrator [org.hibernate.cfg.beanvalidation.BeanValidationIntegrator].
20:50:16.350 [main] DEBUG org.hibernate.cfg.Configuration - Preparing to build session factory with filters : {}
20:50:16.374 [main] DEBUG org.hibernate.cfg.Configuration - Processing hbm.xml files
20:50:16.456 [main] DEBUG org.hibernate.cfg.HbmBinder - Mapping class: domain.RateDomainModel -&gt; tblrate
20:50:16.460 [main] DEBUG org.hibernate.cfg.HbmBinder - Mapped property: RateID -&gt; RateID
20:50:16.463 [main] DEBUG org.hibernate.cfg.HbmBinder - Mapped property: MinCreditScore -&gt; MinCreditScore
20:50:16.464 [main] DEBUG org.hibernate.cfg.HbmBinder - Mapped property: InterestRate -&gt; InterestRate
20:50:16.464 [main] DEBUG org.hibernate.cfg.Configuration - Process annotated classes
20:50:16.466 [main] DEBUG org.hibernate.cfg.Configuration - Processing fk mappings (*ToOne and JoinedSubclass)
20:50:16.466 [main] DEBUG org.hibernate.cfg.Configuration - Processing extends queue
20:50:16.466 [main] DEBUG org.hibernate.cfg.Configuration - Processing extends queue
20:50:16.466 [main] DEBUG org.hibernate.cfg.Configuration - Processing collection mappings
20:50:16.466 [main] DEBUG org.hibernate.cfg.Configuration - Processing native query and ResultSetMapping mappings
20:50:16.466 [main] DEBUG org.hibernate.cfg.Configuration - Processing association property references
20:50:16.466 [main] DEBUG org.hibernate.cfg.Configuration - Creating tables&apos; unique integer identifiers
20:50:16.466 [main] DEBUG org.hibernate.cfg.Configuration - Processing foreign key constraints
20:50:16.475 [main] INFO  o.h.s.j.c.i.DriverManagerConnectionProviderImpl - HHH000402: Using Hibernate built-in connection pool (not for production use!)
20:50:16.475 [main] WARN  o.h.s.j.c.i.DriverManagerConnectionProviderImpl - HHH000148: No JDBC Driver class was specified by property hibernate.connection.driver_class
20:50:16.475 [main] INFO  o.h.s.j.c.i.DriverManagerConnectionProviderImpl - HHH000115: Hibernate connection pool size: 20
20:50:16.475 [main] INFO  o.h.s.j.c.i.DriverManagerConnectionProviderImpl - HHH000006: Autocommit mode: false
20:50:16.475 [main] INFO  o.h.s.j.c.i.DriverManagerConnectionProviderImpl - HHH000401: using driver [null] at URL [jdbc:oracle:thin:@cisc181.ci3wacsy5j84.us-east-1.rds.amazonaws.com:1521:ORCL]
20:50:16.475 [main] INFO  o.h.s.j.c.i.DriverManagerConnectionProviderImpl - HHH000046: Connection properties: {user=KimD, password=MTTFWWETNAfan1}
20:50:16.489 [main] DEBUG o.h.s.j.c.i.DriverManagerConnectionProviderImpl - Opening new JDBC connection
20:50:17.101 [main] DEBUG o.h.s.j.c.i.DriverManagerConnectionProviderImpl - Created connection to: jdbc:oracle:thin:@cisc181.ci3wacsy5j84.us-east-1.rds.amazonaws.com:1521:ORCL, Isolation Level: 2
20:50:17.101 [main] DEBUG o.h.e.jdbc.internal.JdbcServicesImpl - Database -&gt;
       name : Oracle
    version : Oracle Database 11g Release 11.2.0.4.0 - 64bit Production
      major : 11
      minor : 2
20:50:17.101 [main] DEBUG o.h.e.jdbc.internal.JdbcServicesImpl - Driver -&gt;
       name : Oracle JDBC driver
    version : 11.2.0.3.0
      major : 11
      minor : 2
20:50:17.101 [main] DEBUG o.h.e.jdbc.internal.JdbcServicesImpl - JDBC version : 11.2
20:50:17.337 [main] INFO  org.hibernate.dialect.Dialect - HHH000400: Using dialect: org.hibernate.dialect.Oracle10gDialect
20:50:17.427 [main] DEBUG org.hibernate.cfg.SettingsFactory - Automatic flush during beforeCompletion(): disabled
20:50:17.428 [main] DEBUG org.hibernate.cfg.SettingsFactory - Automatic session close at end of transaction: disabled
20:50:17.428 [main] DEBUG org.hibernate.cfg.SettingsFactory - JDBC batch size: 15
20:50:17.428 [main] DEBUG org.hibernate.cfg.SettingsFactory - JDBC batch updates for versioned data: disabled
20:50:17.428 [main] DEBUG org.hibernate.cfg.SettingsFactory - Scrollable result sets: enabled
20:50:17.428 [main] DEBUG org.hibernate.cfg.SettingsFactory - Wrap result sets: disabled
20:50:17.428 [main] DEBUG org.hibernate.cfg.SettingsFactory - JDBC3 getGeneratedKeys(): disabled
20:50:17.428 [main] DEBUG org.hibernate.cfg.SettingsFactory - multi-tenancy strategy : NONE
20:50:17.428 [main] DEBUG org.hibernate.cfg.SettingsFactory - Connection release mode: auto
20:50:17.428 [main] INFO  o.h.e.t.i.TransactionFactoryInitiator - HHH000399: Using default transaction strategy (direct JDBC transactions)
20:50:17.434 [main] DEBUG org.hibernate.cfg.SettingsFactory - Using BatchFetchStyle : LEGACY
20:50:17.434 [main] DEBUG org.hibernate.cfg.SettingsFactory - Default schema: KimD
20:50:17.434 [main] DEBUG org.hibernate.cfg.SettingsFactory - Default batch fetch size: 1
20:50:17.434 [main] DEBUG org.hibernate.cfg.SettingsFactory - Generate SQL with comments: disabled
20:50:17.434 [main] DEBUG org.hibernate.cfg.SettingsFactory - Order SQL updates by primary key: disabled
20:50:17.434 [main] DEBUG org.hibernate.cfg.SettingsFactory - Order SQL inserts for batching: disabled
20:50:17.434 [main] DEBUG org.hibernate.cfg.SettingsFactory - Default null ordering: none
20:50:17.434 [main] DEBUG org.hibernate.cfg.SettingsFactory - Query translator: org.hibernate.hql.internal.ast.ASTQueryTranslatorFactory
20:50:17.438 [main] INFO  o.h.h.i.a.ASTQueryTranslatorFactory - HHH000397: Using ASTQueryTranslatorFactory
20:50:17.438 [main] DEBUG org.hibernate.cfg.SettingsFactory - Query language substitutions: {}
20:50:17.439 [main] DEBUG org.hibernate.cfg.SettingsFactory - JPA-QL strict compliance: disabled
20:50:17.439 [main] DEBUG org.hibernate.cfg.SettingsFactory - Second-level cache: enabled
20:50:17.439 [main] DEBUG org.hibernate.cfg.SettingsFactory - Query cache: disabled
20:50:17.439 [main] DEBUG org.hibernate.cfg.SettingsFactory - Cache region factory : org.hibernate.cache.internal.NoCachingRegionFactory
20:50:17.441 [main] DEBUG org.hibernate.cfg.SettingsFactory - org.hibernate.cache.internal.NoCachingRegionFactory did not provide constructor accepting java.util.Properties; attempting no-arg constructor.
20:50:17.441 [main] DEBUG org.hibernate.cfg.SettingsFactory - Optimize cache for minimal puts: disabled
20:50:17.441 [main] DEBUG org.hibernate.cfg.SettingsFactory - Structured second-level cache entries: disabled
20:50:17.441 [main] DEBUG org.hibernate.cfg.SettingsFactory - Second-level cache direct-reference entries: disabled
20:50:17.441 [main] DEBUG org.hibernate.cfg.SettingsFactory - Statistics: disabled
20:50:17.442 [main] DEBUG org.hibernate.cfg.SettingsFactory - Deleted entity synthetic identifier rollback: disabled
20:50:17.442 [main] DEBUG org.hibernate.cfg.SettingsFactory - Default entity-mode: pojo
20:50:17.442 [main] DEBUG org.hibernate.cfg.SettingsFactory - Named query checking : enabled
20:50:17.442 [main] DEBUG org.hibernate.cfg.SettingsFactory - Check Nullability in Core (should be disabled when Bean Validation is on): enabled
20:50:17.442 [main] DEBUG org.hibernate.cfg.SettingsFactory - Allow initialization of lazy state outside session : : disabled
20:50:17.443 [main] DEBUG org.hibernate.cfg.SettingsFactory - JTA Track by Thread: enabled
20:50:17.462 [main] DEBUG o.h.internal.SessionFactoryImpl - Building session factory
20:50:17.478 [main] DEBUG o.h.internal.SessionFactoryImpl - Session factory constructed with filter configurations : {}
20:50:17.479 [main] DEBUG o.h.internal.SessionFactoryImpl - Instantiating session factory with properties: {java.runtime.name=Java(TM) SE Runtime Environment, hibernate.connection.password=MTTFWWETNAfan1, sun.boot.library.path=C:\Program Files\Java\jdk1.8.0_60\jre\bin, hibernate.default_schema=KimD, java.vm.version=25.60-b23, hibernate.connection.username=KimD, java.vm.vendor=Oracle Corporation, java.vendor.url=http://java.oracle.com/, path.separator=;, java.vm.name=Java HotSpot(TM) 64-Bit Server VM, file.encoding.pkg=sun.io, user.script=, user.country=US, sun.java.launcher=SUN_STANDARD, sun.os.patch.level=, java.vm.specification.name=Java Virtual Machine Specification, user.dir=C:\Users\Daniel\git\FinalExamStarter\FirstBankMortgage_JavaFx, java.runtime.version=1.8.0_60-b27, java.awt.graphicsenv=sun.awt.Win32GraphicsEnvironment, basedir=C:\Users\Daniel\git\FinalExamStarter\FirstBankMortgage_JavaFx, java.endorsed.dirs=C:\Program Files\Java\jdk1.8.0_60\jre\lib\endorsed, os.arch=amd64, surefire.real.class.path=C:\Users\Daniel\git\FinalExamStarter\FirstBankMortgage_JavaFx\target\surefire\surefirebooter7568820008954962173.jar, java.io.tmpdir=C:\Users\Daniel\AppData\Local\Temp\, line.separator=
, java.vm.specification.vendor=Oracle Corporation, user.variant=, os.name=Windows 10, sun.jnu.encoding=Cp1252, java.library.path=C:\Program Files\Java\jdk1.8.0_60\jre\bin;C:\WINDOWS\Sun\Java\bin;C:\WINDOWS\system32;C:\WINDOWS;C:/Program Files/Java/jre1.8.0_66/bin/server;C:/Program Files/Java/jre1.8.0_66/bin;C:/Program Files/Java/jre1.8.0_66/lib/amd64;C:\ProgramData\Oracle\Java\javapath;C:\Program Files (x86)\NVIDIA Corporation\PhysX\Common;c:\Program Files (x86)\Intel\iCLS Client\;c:\Program Files\Intel\iCLS Client\;C:\WINDOWS\system32;C:\WINDOWS;C:\WINDOWS\System32\Wbem;C:\WINDOWS\System32\WindowsPowerShell\v1.0\;C:\Program Files\Hewlett-Packard\SimplePass\;C:\Program Files\Intel\Intel(R) Management Engine Components\DAL;C:\Program Files\Intel\Intel(R) Management Engine Components\IPT;C:\Program Files (x86)\Intel\Intel(R) Management Engine Components\DAL;C:\Program Files (x86)\Intel\Intel(R) Management Engine Components\IPT;c:\Program Files\Intel\WiFi\bin\;c:\Program Files\Common Files\Intel\WirelessCommon\;C:\Program Files (x86)\QuickTime\QTSystem\;c:\Program Files\Intel\WiFi\bin\;c:\Program Files\Common Files\Intel\WirelessCommon\;C:\Eclipse\Eclipse Mars J2SE\eclipse-java-mars-R-win32-x86_64\eclipse;;., surefire.test.class.path=C:\Users\Daniel\git\FinalExamStarter\FirstBankMortgage_JavaFx\target\test-classes;C:\Users\Daniel\git\FinalExamStarter\FirstBankMortgage_JavaFx\target\classes;C:\Users\Daniel\.m2\repository\org\springframework\spring-context\3.2.3.RELEASE\spring-context-3.2.3.RELEASE.jar;C:\Users\Daniel\.m2\repository\org\springframework\spring-aop\3.2.3.RELEASE\spring-aop-3.2.3.RELEASE.jar;C:\Users\Daniel\.m2\repository\org\springframework\spring-beans\3.2.3.RELEASE\spring-beans-3.2.3.RELEASE.jar;C:\Users\Daniel\.m2\repository\org\springframework\spring-core\3.2.3.RELEASE\spring-core-3.2.3.RELEASE.jar;C:\Users\Daniel\.m2\repository\commons-logging\commons-logging\1.1.1\commons-logging-1.1.1.jar;C:\Users\Daniel\.m2\repository\org\springframework\spring-expression\3.2.3.RELEASE\spring-expression-3.2.3.RELEASE.jar;C:\Users\Daniel\.m2\repository\org\springframework\spring-tx\3.2.3.RELEASE\spring-tx-3.2.3.RELEASE.jar;C:\Users\Daniel\.m2\repository\aopalliance\aopalliance\1.0\aopalliance-1.0.jar;C:\Users\Daniel\.m2\repository\org\slf4j\slf4j-api\1.7.5\slf4j-api-1.7.5.jar;C:\Users\Daniel\.m2\repository\ch\qos\logback\logback-classic\1.0.13\logback-classic-1.0.13.jar;C:\Users\Daniel\.m2\repository\ch\qos\logback\logback-core\1.0.13\logback-core-1.0.13.jar;C:\Users\Daniel\.m2\repository\org\hibernate\hibernate-entitymanager\4.2.1.Final\hibernate-entitymanager-4.2.1.Final.jar;C:\Users\Daniel\.m2\repository\org\jboss\logging\jboss-logging\3.1.0.GA\jboss-logging-3.1.0.GA.jar;C:\Users\Daniel\.m2\repository\org\hibernate\hibernate-core\4.2.1.Final\hibernate-core-4.2.1.Final.jar;C:\Users\Daniel\.m2\repository\antlr\antlr\2.7.7\antlr-2.7.7.jar;C:\Users\Daniel\.m2\repository\dom4j\dom4j\1.6.1\dom4j-1.6.1.jar;C:\Users\Daniel\.m2\repository\org\jboss\spec\javax\transaction\jboss-transaction-api_1.1_spec\1.0.1.Final\jboss-transaction-api_1.1_spec-1.0.1.Final.jar;C:\Users\Daniel\.m2\repository\org\hibernate\javax\persistence\hibernate-jpa-2.0-api\1.0.1.Final\hibernate-jpa-2.0-api-1.0.1.Final.jar;C:\Users\Daniel\.m2\repository\org\javassist\javassist\3.15.0-GA\javassist-3.15.0-GA.jar;C:\Users\Daniel\.m2\repository\org\hibernate\common\hibernate-commons-annotations\4.0.1.Final\hibernate-commons-annotations-4.0.1.Final.jar;C:\Users\Daniel\.m2\repository\org\springframework\spring-test\3.2.3.RELEASE\spring-test-3.2.3.RELEASE.jar;C:\Users\Daniel\.m2\repository\junit\junit\4.11\junit-4.11.jar;C:\Users\Daniel\.m2\repository\org\hamcrest\hamcrest-core\1.3\hamcrest-core-1.3.jar;C:\Users\Daniel\.m2\repository\org\springframework\samples\FirstBankMortgage_DAL\0.0.1-SNAPSHOT\FirstBankMortgage_DAL-0.0.1-SNAPSHOT.jar;C:\Users\Daniel\.m2\repository\org\apache\poi\poi\3.9\poi-3.9.jar;C:\Users\Daniel\.m2\repository\commons-codec\commons-codec\1.5\commons-codec-1.5.jar;C:\Users\Daniel\.m2\repository\com\oracle\ojdbc6\11.2.0.3\ojdbc6-11.2.0.3.jar;, java.specification.name=Java Platform API Specification, java.class.version=52.0, sun.management.compiler=HotSpot 64-Bit Tiered Compilers, os.version=10.0, user.home=C:\Users\Daniel, user.timezone=America/New_York, java.awt.printerjob=sun.awt.windows.WPrinterJob, java.specification.version=1.8, file.encoding=Cp1252, hibernate.format_sql=true, show_sql=true, user.name=Daniel, java.class.path=C:\Users\Daniel\git\FinalExamStarter\FirstBankMortgage_JavaFx\target\test-classes;C:\Users\Daniel\git\FinalExamStarter\FirstBankMortgage_JavaFx\target\classes;C:\Users\Daniel\.m2\repository\org\springframework\spring-context\3.2.3.RELEASE\spring-context-3.2.3.RELEASE.jar;C:\Users\Daniel\.m2\repository\org\springframework\spring-aop\3.2.3.RELEASE\spring-aop-3.2.3.RELEASE.jar;C:\Users\Daniel\.m2\repository\org\springframework\spring-beans\3.2.3.RELEASE\spring-beans-3.2.3.RELEASE.jar;C:\Users\Daniel\.m2\repository\org\springframework\spring-core\3.2.3.RELEASE\spring-core-3.2.3.RELEASE.jar;C:\Users\Daniel\.m2\repository\commons-logging\commons-logging\1.1.1\commons-logging-1.1.1.jar;C:\Users\Daniel\.m2\repository\org\springframework\spring-expression\3.2.3.RELEASE\spring-expression-3.2.3.RELEASE.jar;C:\Users\Daniel\.m2\repository\org\springframework\spring-tx\3.2.3.RELEASE\spring-tx-3.2.3.RELEASE.jar;C:\Users\Daniel\.m2\repository\aopalliance\aopalliance\1.0\aopalliance-1.0.jar;C:\Users\Daniel\.m2\repository\org\slf4j\slf4j-api\1.7.5\slf4j-api-1.7.5.jar;C:\Users\Daniel\.m2\repository\ch\qos\logback\logback-classic\1.0.13\logback-classic-1.0.13.jar;C:\Users\Daniel\.m2\repository\ch\qos\logback\logback-core\1.0.13\logback-core-1.0.13.jar;C:\Users\Daniel\.m2\repository\org\hibernate\hibernate-entitymanager\4.2.1.Final\hibernate-entitymanager-4.2.1.Final.jar;C:\Users\Daniel\.m2\repository\org\jboss\logging\jboss-logging\3.1.0.GA\jboss-logging-3.1.0.GA.jar;C:\Users\Daniel\.m2\repository\org\hibernate\hibernate-core\4.2.1.Final\hibernate-core-4.2.1.Final.jar;C:\Users\Daniel\.m2\repository\antlr\antlr\2.7.7\antlr-2.7.7.jar;C:\Users\Daniel\.m2\repository\dom4j\dom4j\1.6.1\dom4j-1.6.1.jar;C:\Users\Daniel\.m2\repository\org\jboss\spec\javax\transaction\jboss-transaction-api_1.1_spec\1.0.1.Final\jboss-transaction-api_1.1_spec-1.0.1.Final.jar;C:\Users\Daniel\.m2\repository\org\hibernate\javax\persistence\hibernate-jpa-2.0-api\1.0.1.Final\hibernate-jpa-2.0-api-1.0.1.Final.jar;C:\Users\Daniel\.m2\repository\org\javassist\javassist\3.15.0-GA\javassist-3.15.0-GA.jar;C:\Users\Daniel\.m2\repository\org\hibernate\common\hibernate-commons-annotations\4.0.1.Final\hibernate-commons-annotations-4.0.1.Final.jar;C:\Users\Daniel\.m2\repository\org\springframework\spring-test\3.2.3.RELEASE\spring-test-3.2.3.RELEASE.jar;C:\Users\Daniel\.m2\repository\junit\junit\4.11\junit-4.11.jar;C:\Users\Daniel\.m2\repository\org\hamcrest\hamcrest-core\1.3\hamcrest-core-1.3.jar;C:\Users\Daniel\.m2\repository\org\springframework\samples\FirstBankMortgage_DAL\0.0.1-SNAPSHOT\FirstBankMortgage_DAL-0.0.1-SNAPSHOT.jar;C:\Users\Daniel\.m2\repository\org\apache\poi\poi\3.9\poi-3.9.jar;C:\Users\Daniel\.m2\repository\commons-codec\commons-codec\1.5\commons-codec-1.5.jar;C:\Users\Daniel\.m2\repository\com\oracle\ojdbc6\11.2.0.3\ojdbc6-11.2.0.3.jar;, hibernate.bytecode.use_reflection_optimizer=false, format_sql=true, hibernate.show_sql=true, java.vm.specification.version=1.8, sun.arch.data.model=64, java.home=C:\Program Files\Java\jdk1.8.0_60\jre, sun.java.command=C:\Users\Daniel\git\FinalExamStarter\FirstBankMortgage_JavaFx\target\surefire\surefirebooter7568820008954962173.jar C:\Users\Daniel\git\FinalExamStarter\FirstBankMortgage_JavaFx\target\surefire\surefire4395140557835400600tmp C:\Users\Daniel\git\FinalExamStarter\FirstBankMortgage_JavaFx\target\surefire\surefire_02264228388156022720tmp, hibernate.dialect=org.hibernate.dialect.Oracle10gDialect, hibernate.connection.url=jdbc:oracle:thin:@cisc181.ci3wacsy5j84.us-east-1.rds.amazonaws.com:1521:ORCL, java.specification.vendor=Oracle Corporation, user.language=en, awt.toolkit=sun.awt.windows.WToolkit, java.vm.info=mixed mode, java.version=1.8.0_60, java.ext.dirs=C:\Program Files\Java\jdk1.8.0_60\jre\lib\ext;C:\WINDOWS\Sun\Java\lib\ext, sun.boot.class.path=C:\Program Files\Java\jdk1.8.0_60\jre\lib\resources.jar;C:\Program Files\Java\jdk1.8.0_60\jre\lib\rt.jar;C:\Program Files\Java\jdk1.8.0_60\jre\lib\sunrsasign.jar;C:\Program Files\Java\jdk1.8.0_60\jre\lib\jsse.jar;C:\Program Files\Java\jdk1.8.0_60\jre\lib\jce.jar;C:\Program Files\Java\jdk1.8.0_60\jre\lib\charsets.jar;C:\Program Files\Java\jdk1.8.0_60\jre\lib\jfr.jar;C:\Program Files\Java\jdk1.8.0_60\jre\classes, java.vendor=Oracle Corporation, localRepository=C:\Users\Daniel\.m2\repository, file.separator=\, java.vendor.url.bug=http://bugreport.sun.com/bugreport/, hibernate.hbm2ddl.auto=update, sun.cpu.endian=little, sun.io.unicode.encoding=UnicodeLittle, sun.desktop=windows, sun.cpu.isalist=amd64}
20:50:17.491 [main] DEBUG o.h.i.f.i.DefaultIdentifierGeneratorFactory - Setting dialect [org.hibernate.dialect.Oracle10gDialect]
20:50:17.579 [main] DEBUG o.h.p.entity.AbstractEntityPersister - Static SQL for entity: domain.RateDomainModel
20:50:17.579 [main] DEBUG o.h.p.entity.AbstractEntityPersister -  Version select: select RateID from KimD.tblrate where RateID =?
20:50:17.579 [main] DEBUG o.h.p.entity.AbstractEntityPersister -  Snapshot select: select ratedomain_.RateID, ratedomain_.MinCreditScore as MinCredi2_0_, ratedomain_.InterestRate as Interest3_0_ from KimD.tblrate ratedomain_ where ratedomain_.RateID=?
20:50:17.579 [main] DEBUG o.h.p.entity.AbstractEntityPersister -  Insert 0: insert into KimD.tblrate (MinCreditScore, InterestRate, RateID) values (?, ?, ?)
20:50:17.579 [main] DEBUG o.h.p.entity.AbstractEntityPersister -  Update 0: update KimD.tblrate set MinCreditScore=?, InterestRate=? where RateID=?
20:50:17.579 [main] DEBUG o.h.p.entity.AbstractEntityPersister -  Delete 0: delete from KimD.tblrate where RateID=?
20:50:17.593 [main] DEBUG org.hibernate.loader.Loader - Static select for entity domain.RateDomainModel [NONE]: select ratedomain0_.RateID as RateID1_0_0_, ratedomain0_.MinCreditScore as MinCredi2_0_0_, ratedomain0_.InterestRate as Interest3_0_0_ from KimD.tblrate ratedomain0_ where ratedomain0_.RateID=?
20:50:17.593 [main] DEBUG org.hibernate.loader.Loader - Static select for entity domain.RateDomainModel [READ]: select ratedomain0_.RateID as RateID1_0_0_, ratedomain0_.MinCreditScore as MinCredi2_0_0_, ratedomain0_.InterestRate as Interest3_0_0_ from KimD.tblrate ratedomain0_ where ratedomain0_.RateID=?
20:50:17.593 [main] DEBUG org.hibernate.loader.Loader - Static select for entity domain.RateDomainModel [UPGRADE]: select ratedomain0_.RateID as RateID1_0_0_, ratedomain0_.MinCreditScore as MinCredi2_0_0_, ratedomain0_.InterestRate as Interest3_0_0_ from KimD.tblrate ratedomain0_ where ratedomain0_.RateID=? for update
20:50:17.593 [main] DEBUG org.hibernate.loader.Loader - Static select for entity domain.RateDomainModel [UPGRADE_NOWAIT]: select ratedomain0_.RateID as RateID1_0_0_, ratedomain0_.MinCreditScore as MinCredi2_0_0_, ratedomain0_.InterestRate as Interest3_0_0_ from KimD.tblrate ratedomain0_ where ratedomain0_.RateID=? for update nowait
20:50:17.593 [main] DEBUG org.hibernate.loader.Loader - Static select for entity domain.RateDomainModel [FORCE]: select ratedomain0_.RateID as RateID1_0_0_, ratedomain0_.MinCreditScore as MinCredi2_0_0_, ratedomain0_.InterestRate as Interest3_0_0_ from KimD.tblrate ratedomain0_ where ratedomain0_.RateID=? for update nowait
20:50:17.594 [main] DEBUG org.hibernate.loader.Loader - Static select for entity domain.RateDomainModel [PESSIMISTIC_READ]: select ratedomain0_.RateID as RateID1_0_0_, ratedomain0_.MinCreditScore as MinCredi2_0_0_, ratedomain0_.InterestRate as Interest3_0_0_ from KimD.tblrate ratedomain0_ where ratedomain0_.RateID=? for update
20:50:17.594 [main] DEBUG org.hibernate.loader.Loader - Static select for entity domain.RateDomainModel [PESSIMISTIC_WRITE]: select ratedomain0_.RateID as RateID1_0_0_, ratedomain0_.MinCreditScore as MinCredi2_0_0_, ratedomain0_.InterestRate as Interest3_0_0_ from KimD.tblrate ratedomain0_ where ratedomain0_.RateID=? for update
20:50:17.594 [main] DEBUG org.hibernate.loader.Loader - Static select for entity domain.RateDomainModel [PESSIMISTIC_FORCE_INCREMENT]: select ratedomain0_.RateID as RateID1_0_0_, ratedomain0_.MinCreditScore as MinCredi2_0_0_, ratedomain0_.InterestRate as Interest3_0_0_ from KimD.tblrate ratedomain0_ where ratedomain0_.RateID=? for update nowait
20:50:17.594 [main] DEBUG org.hibernate.loader.Loader - Static select for entity domain.RateDomainModel [OPTIMISTIC]: select ratedomain0_.RateID as RateID1_0_0_, ratedomain0_.MinCreditScore as MinCredi2_0_0_, ratedomain0_.InterestRate as Interest3_0_0_ from KimD.tblrate ratedomain0_ where ratedomain0_.RateID=?
20:50:17.594 [main] DEBUG org.hibernate.loader.Loader - Static select for entity domain.RateDomainModel [OPTIMISTIC_FORCE_INCREMENT]: select ratedomain0_.RateID as RateID1_0_0_, ratedomain0_.MinCreditScore as MinCredi2_0_0_, ratedomain0_.InterestRate as Interest3_0_0_ from KimD.tblrate ratedomain0_ where ratedomain0_.RateID=?
20:50:17.599 [main] DEBUG org.hibernate.loader.Loader - Static select for action ACTION_MERGE on entity domain.RateDomainModel: select ratedomain0_.RateID as RateID1_0_0_, ratedomain0_.MinCreditScore as MinCredi2_0_0_, ratedomain0_.InterestRate as Interest3_0_0_ from KimD.tblrate ratedomain0_ where ratedomain0_.RateID=?
20:50:17.599 [main] DEBUG org.hibernate.loader.Loader - Static select for action ACTION_REFRESH on entity domain.RateDomainModel: select ratedomain0_.RateID as RateID1_0_0_, ratedomain0_.MinCreditScore as MinCredi2_0_0_, ratedomain0_.InterestRate as Interest3_0_0_ from KimD.tblrate ratedomain0_ where ratedomain0_.RateID=?
20:50:17.600 [main] DEBUG o.h.internal.SessionFactoryRegistry - Initializing SessionFactoryRegistry : org.hibernate.internal.SessionFactoryRegistry@7bbc8656
20:50:17.602 [main] DEBUG o.h.internal.SessionFactoryRegistry - Registering SessionFactory: 5e6d7d2a-bbbc-4294-b2de-526f5ca73146 (&lt;unnamed&gt;)
20:50:17.602 [main] DEBUG o.h.internal.SessionFactoryRegistry - Not binding SessionFactory to JNDI, no JNDI name configured
20:50:17.602 [main] DEBUG o.h.internal.SessionFactoryImpl - Instantiated session factory
20:50:17.608 [main] INFO  o.h.tool.hbm2ddl.SchemaUpdate - HHH000228: Running hbm2ddl schema update
20:50:17.608 [main] INFO  o.h.tool.hbm2ddl.SchemaUpdate - HHH000102: Fetching database metadata
20:50:17.947 [main] INFO  o.h.tool.hbm2ddl.SchemaUpdate - HHH000396: Updating schema
20:50:17.948 [main] DEBUG org.hibernate.cfg.Configuration - Processing hbm.xml files
20:50:17.948 [main] DEBUG org.hibernate.cfg.Configuration - Process annotated classes
20:50:17.948 [main] DEBUG org.hibernate.cfg.Configuration - Processing fk mappings (*ToOne and JoinedSubclass)
20:50:17.948 [main] DEBUG org.hibernate.cfg.Configuration - Processing extends queue
20:50:17.948 [main] DEBUG org.hibernate.cfg.Configuration - Processing extends queue
20:50:17.948 [main] DEBUG org.hibernate.cfg.Configuration - Processing collection mappings
20:50:17.948 [main] DEBUG org.hibernate.cfg.Configuration - Processing native query and ResultSetMapping mappings
20:50:17.948 [main] DEBUG org.hibernate.cfg.Configuration - Processing association property references
20:50:17.948 [main] DEBUG org.hibernate.cfg.Configuration - Creating tables&apos; unique integer identifiers
20:50:17.949 [main] DEBUG org.hibernate.cfg.Configuration - Processing foreign key constraints
20:50:18.275 [main] INFO  o.h.tool.hbm2ddl.TableMetadata - HHH000261: Table found: KIMD.TBLRATE
20:50:18.276 [main] INFO  o.h.tool.hbm2ddl.TableMetadata - HHH000037: Columns: [interestrate, mincreditscore, rateid]
20:50:18.276 [main] INFO  o.h.tool.hbm2ddl.TableMetadata - HHH000108: Foreign keys: []
20:50:18.276 [main] INFO  o.h.tool.hbm2ddl.TableMetadata - HHH000126: Indexes: []
20:50:18.277 [main] DEBUG o.h.i.f.i.DefaultIdentifierGeneratorFactory - Setting dialect [org.hibernate.dialect.Oracle10gDialect]
20:50:18.278 [main] INFO  o.h.tool.hbm2ddl.SchemaUpdate - HHH000232: Schema update complete
20:50:18.279 [main] DEBUG o.h.internal.SessionFactoryImpl - Checking 0 named HQL queries
20:50:18.279 [main] DEBUG o.h.internal.SessionFactoryImpl - Checking 0 named SQL queries
20:50:18.296 [main] DEBUG o.h.s.internal.StatisticsInitiator - Statistics initialized [enabled=false]
20:50:18.366 [main] DEBUG o.h.e.t.spi.AbstractTransactionImpl - begin
20:50:18.366 [main] DEBUG o.h.e.j.i.LogicalConnectionImpl - Obtaining JDBC connection
20:50:18.366 [main] DEBUG o.h.e.j.i.LogicalConnectionImpl - Obtained JDBC connection
20:50:18.366 [main] DEBUG o.h.e.t.i.jdbc.JdbcTransaction - initial autocommit status: false
20:50:18.397 [main] DEBUG o.h.h.i.ast.QueryTranslatorImpl - parse() - HQL: FROM domain.RateDomainModel
20:50:18.402 [main] DEBUG o.h.h.i.ast.QueryTranslatorImpl - --- HQL AST ---
 \-[QUERY] Node: &apos;query&apos;
    \-[SELECT_FROM] Node: &apos;SELECT_FROM&apos;
       \-[FROM] Node: &apos;FROM&apos;
          \-[RANGE] Node: &apos;RANGE&apos;
             \-[DOT] Node: &apos;.&apos;
                +-[IDENT] Node: &apos;domain&apos;
                \-[IDENT] Node: &apos;RateDomainModel&apos;

20:50:18.402 [main] DEBUG o.h.hql.internal.ast.ErrorCounter - throwQueryException() : no errors
20:50:18.450 [main] DEBUG o.h.h.i.antlr.HqlSqlBaseWalker - select &lt;&lt; begin [level=1, statement=select]
20:50:18.464 [main] DEBUG o.h.h.internal.ast.tree.FromElement - FromClause{level=1} : domain.RateDomainModel (&lt;no alias&gt;) -&gt; ratedomain0_
20:50:18.464 [main] DEBUG o.h.h.i.antlr.HqlSqlBaseWalker - select : finishing up [level=1, statement=select]
20:50:18.464 [main] DEBUG o.h.hql.internal.ast.HqlSqlWalker - processQuery() :  ( SELECT ( FromClause{level=1} KimD.tblrate ratedomain0_ ) )
20:50:18.467 [main] DEBUG o.h.hql.internal.ast.HqlSqlWalker - Derived SELECT clause created.
20:50:18.471 [main] DEBUG o.h.h.i.ast.util.JoinProcessor - Using FROM fragment [KimD.tblrate ratedomain0_]
20:50:18.471 [main] DEBUG o.h.h.i.antlr.HqlSqlBaseWalker - select &gt;&gt; end [level=1, statement=select]
20:50:18.472 [main] DEBUG o.h.h.i.ast.QueryTranslatorImpl - --- SQL AST ---
 \-[SELECT] QueryNode: &apos;SELECT&apos;  querySpaces (KimD.tblrate)
    +-[SELECT_CLAUSE] SelectClause: &apos;{derived select clause}&apos;
    |  +-[SELECT_EXPR] SelectExpressionImpl: &apos;ratedomain0_.RateID as RateID1_0_&apos; {FromElement{explicit,not a collection join,not a fetch join,fetch non-lazy properties,classAlias=null,role=null,tableName=KimD.tblrate,tableAlias=ratedomain0_,origin=null,columns={,className=domain.RateDomainModel}}}
    |  \-[SQL_TOKEN] SqlFragment: &apos;ratedomain0_.MinCreditScore as MinCredi2_0_, ratedomain0_.InterestRate as Interest3_0_&apos;
    \-[FROM] FromClause: &apos;FROM&apos; FromClause{level=1, fromElementCounter=1, fromElements=1, fromElementByClassAlias=[], fromElementByTableAlias=[ratedomain0_], fromElementsByPath=[], collectionJoinFromElementsByPath=[], impliedElements=[]}
       \-[FROM_FRAGMENT] FromElement: &apos;KimD.tblrate ratedomain0_&apos; FromElement{explicit,not a collection join,not a fetch join,fetch non-lazy properties,classAlias=null,role=null,tableName=KimD.tblrate,tableAlias=ratedomain0_,origin=null,columns={,className=domain.RateDomainModel}}

20:50:18.472 [main] DEBUG o.h.hql.internal.ast.ErrorCounter - throwQueryException() : no errors
20:50:18.478 [main] DEBUG o.h.h.i.ast.QueryTranslatorImpl - HQL: FROM domain.RateDomainModel
20:50:18.478 [main] DEBUG o.h.h.i.ast.QueryTranslatorImpl - SQL: select ratedomain0_.RateID as RateID1_0_, ratedomain0_.MinCreditScore as MinCredi2_0_, ratedomain0_.InterestRate as Interest3_0_ from KimD.tblrate ratedomain0_
20:50:18.478 [main] DEBUG o.h.hql.internal.ast.ErrorCounter - throwQueryException() : no errors
20:50:18.514 [main] DEBUG org.hibernate.SQL - 
    select
        ratedomain0_.RateID as RateID1_0_,
        ratedomain0_.MinCreditScore as MinCredi2_0_,
        ratedomain0_.InterestRate as Interest3_0_ 
    from
        KimD.tblrate ratedomain0_
Hibernate: 
    select
        ratedomain0_.RateID as RateID1_0_,
        ratedomain0_.MinCreditScore as MinCredi2_0_,
        ratedomain0_.InterestRate as Interest3_0_ 
    from
        KimD.tblrate ratedomain0_
20:50:18.543 [main] DEBUG org.hibernate.loader.Loader - Result set row: 0
20:50:18.545 [main] DEBUG org.hibernate.loader.Loader - Result row: EntityKey[domain.RateDomainModel#1]
20:50:18.549 [main] DEBUG org.hibernate.loader.Loader - Result set row: 1
20:50:18.550 [main] DEBUG org.hibernate.loader.Loader - Result row: EntityKey[domain.RateDomainModel#2]
20:50:18.550 [main] DEBUG org.hibernate.loader.Loader - Result set row: 2
20:50:18.550 [main] DEBUG org.hibernate.loader.Loader - Result row: EntityKey[domain.RateDomainModel#3]
20:50:18.550 [main] DEBUG org.hibernate.loader.Loader - Result set row: 3
20:50:18.550 [main] DEBUG org.hibernate.loader.Loader - Result row: EntityKey[domain.RateDomainModel#4]
20:50:18.550 [main] DEBUG org.hibernate.loader.Loader - Result set row: 4
20:50:18.550 [main] DEBUG org.hibernate.loader.Loader - Result row: EntityKey[domain.RateDomainModel#5]
20:50:18.551 [main] DEBUG o.h.engine.internal.TwoPhaseLoad - Resolving associations for [domain.RateDomainModel#1]
20:50:18.552 [main] DEBUG o.h.engine.internal.TwoPhaseLoad - Done materializing entity [domain.RateDomainModel#1]
20:50:18.552 [main] DEBUG o.h.engine.internal.TwoPhaseLoad - Resolving associations for [domain.RateDomainModel#2]
20:50:18.553 [main] DEBUG o.h.engine.internal.TwoPhaseLoad - Done materializing entity [domain.RateDomainModel#2]
20:50:18.553 [main] DEBUG o.h.engine.internal.TwoPhaseLoad - Resolving associations for [domain.RateDomainModel#3]
20:50:18.553 [main] DEBUG o.h.engine.internal.TwoPhaseLoad - Done materializing entity [domain.RateDomainModel#3]
20:50:18.553 [main] DEBUG o.h.engine.internal.TwoPhaseLoad - Resolving associations for [domain.RateDomainModel#4]
20:50:18.553 [main] DEBUG o.h.engine.internal.TwoPhaseLoad - Done materializing entity [domain.RateDomainModel#4]
20:50:18.553 [main] DEBUG o.h.engine.internal.TwoPhaseLoad - Resolving associations for [domain.RateDomainModel#5]
20:50:18.553 [main] DEBUG o.h.engine.internal.TwoPhaseLoad - Done materializing entity [domain.RateDomainModel#5]
20:50:18.554 [main] DEBUG o.h.e.t.spi.AbstractTransactionImpl - committing
20:50:18.554 [main] DEBUG o.h.e.i.AbstractFlushingEventListener - Processing flush-time cascades
20:50:18.556 [main] DEBUG o.h.e.i.AbstractFlushingEventListener - Dirty checking collections
20:50:18.557 [main] DEBUG o.h.e.i.AbstractFlushingEventListener - Flushed: 0 insertions, 0 updates, 0 deletions to 5 objects
20:50:18.557 [main] DEBUG o.h.e.i.AbstractFlushingEventListener - Flushed: 0 (re)creations, 0 updates, 0 removals to 0 collections
20:50:18.558 [main] DEBUG o.h.internal.util.EntityPrinter - Listing entities:
20:50:18.558 [main] DEBUG o.h.internal.util.EntityPrinter - domain.RateDomainModel{RateID=4, MinCreditScore=750, InterestRate=3.75}
20:50:18.558 [main] DEBUG o.h.internal.util.EntityPrinter - domain.RateDomainModel{RateID=5, MinCreditScore=800, InterestRate=3.5}
20:50:18.558 [main] DEBUG o.h.internal.util.EntityPrinter - domain.RateDomainModel{RateID=2, MinCreditScore=650, InterestRate=4.5}
20:50:18.558 [main] DEBUG o.h.internal.util.EntityPrinter - domain.RateDomainModel{RateID=3, MinCreditScore=700, InterestRate=4.0}
20:50:18.559 [main] DEBUG o.h.internal.util.EntityPrinter - domain.RateDomainModel{RateID=1, MinCreditScore=600, InterestRate=5.0}
20:50:18.576 [main] DEBUG o.h.e.t.i.jdbc.JdbcTransaction - committed JDBC Connection
</system-out>
  </testcase>
  <testcase classname="UnitTests.RateBLLTest" name="PaymentTest" time="0.235">
    <error message="org.hibernate.Session.close()V" type="java.lang.NoSuchMethodError">java.lang.NoSuchMethodError: org.hibernate.Session.close()V
	at base.RateDAL.getTBLRates(RateDAL.java:43)
	at base.RateDAL.getRate(RateDAL.java:57)
	at ch.makery.address.model.Rate.getPayment(Rate.java:22)
	at UnitTests.RateBLLTest.PaymentTest(RateBLLTest.java:15)
	at sun.reflect.NativeMethodAccessorImpl.invoke0(Native Method)
	at sun.reflect.NativeMethodAccessorImpl.invoke(NativeMethodAccessorImpl.java:62)
	at sun.reflect.DelegatingMethodAccessorImpl.invoke(DelegatingMethodAccessorImpl.java:43)
	at java.lang.reflect.Method.invoke(Method.java:497)
	at org.junit.runners.model.FrameworkMethod$1.runReflectiveCall(FrameworkMethod.java:47)
	at org.junit.internal.runners.model.ReflectiveCallable.run(ReflectiveCallable.java:12)
	at org.junit.runners.model.FrameworkMethod.invokeExplosively(FrameworkMethod.java:44)
	at org.junit.internal.runners.statements.InvokeMethod.evaluate(InvokeMethod.java:17)
	at org.junit.runners.ParentRunner.runLeaf(ParentRunner.java:271)
	at org.junit.runners.BlockJUnit4ClassRunner.runChild(BlockJUnit4ClassRunner.java:70)
	at org.junit.runners.BlockJUnit4ClassRunner.runChild(BlockJUnit4ClassRunner.java:50)
	at org.junit.runners.ParentRunner$3.run(ParentRunner.java:238)
	at org.junit.runners.ParentRunner$1.schedule(ParentRunner.java:63)
	at org.junit.runners.ParentRunner.runChildren(ParentRunner.java:236)
	at org.junit.runners.ParentRunner.access$000(ParentRunner.java:53)
	at org.junit.runners.ParentRunner$2.evaluate(ParentRunner.java:229)
	at org.junit.runners.ParentRunner.run(ParentRunner.java:309)
	at org.apache.maven.surefire.junit4.JUnit4Provider.execute(JUnit4Provider.java:252)
	at org.apache.maven.surefire.junit4.JUnit4Provider.executeTestSet(JUnit4Provider.java:141)
	at org.apache.maven.surefire.junit4.JUnit4Provider.invoke(JUnit4Provider.java:112)
	at sun.reflect.NativeMethodAccessorImpl.invoke0(Native Method)
	at sun.reflect.NativeMethodAccessorImpl.invoke(NativeMethodAccessorImpl.java:62)
	at sun.reflect.DelegatingMethodAccessorImpl.invoke(DelegatingMethodAccessorImpl.java:43)
	at java.lang.reflect.Method.invoke(Method.java:497)
	at org.apache.maven.surefire.util.ReflectionUtils.invokeMethodWithArray(ReflectionUtils.java:189)
	at org.apache.maven.surefire.booter.ProviderFactory$ProviderProxy.invoke(ProviderFactory.java:165)
	at org.apache.maven.surefire.booter.ProviderFactory.invokeProvider(ProviderFactory.java:85)
	at org.apache.maven.surefire.booter.ForkedBooter.runSuitesInProcess(ForkedBooter.java:115)
	at org.apache.maven.surefire.booter.ForkedBooter.main(ForkedBooter.java:75)
</error>
    <system-out>20:50:18.580 [main] DEBUG o.h.e.t.spi.AbstractTransactionImpl - begin
20:50:18.580 [main] DEBUG o.h.e.j.i.LogicalConnectionImpl - Obtaining JDBC connection
20:50:18.580 [main] DEBUG o.h.s.j.c.i.DriverManagerConnectionProviderImpl - Opening new JDBC connection
20:50:18.765 [main] DEBUG o.h.s.j.c.i.DriverManagerConnectionProviderImpl - Created connection to: jdbc:oracle:thin:@cisc181.ci3wacsy5j84.us-east-1.rds.amazonaws.com:1521:ORCL, Isolation Level: 2
20:50:18.765 [main] DEBUG o.h.e.j.i.LogicalConnectionImpl - Obtained JDBC connection
20:50:18.766 [main] DEBUG o.h.e.t.i.jdbc.JdbcTransaction - initial autocommit status: false
20:50:18.766 [main] DEBUG org.hibernate.SQL - 
    select
        ratedomain0_.RateID as RateID1_0_,
        ratedomain0_.MinCreditScore as MinCredi2_0_,
        ratedomain0_.InterestRate as Interest3_0_ 
    from
        KimD.tblrate ratedomain0_
Hibernate: 
    select
        ratedomain0_.RateID as RateID1_0_,
        ratedomain0_.MinCreditScore as MinCredi2_0_,
        ratedomain0_.InterestRate as Interest3_0_ 
    from
        KimD.tblrate ratedomain0_
20:50:18.787 [main] DEBUG org.hibernate.loader.Loader - Result set row: 0
20:50:18.788 [main] DEBUG org.hibernate.loader.Loader - Result row: EntityKey[domain.RateDomainModel#1]
20:50:18.788 [main] DEBUG org.hibernate.loader.Loader - Result set row: 1
20:50:18.788 [main] DEBUG org.hibernate.loader.Loader - Result row: EntityKey[domain.RateDomainModel#2]
20:50:18.789 [main] DEBUG org.hibernate.loader.Loader - Result set row: 2
20:50:18.789 [main] DEBUG org.hibernate.loader.Loader - Result row: EntityKey[domain.RateDomainModel#3]
20:50:18.789 [main] DEBUG org.hibernate.loader.Loader - Result set row: 3
20:50:18.790 [main] DEBUG org.hibernate.loader.Loader - Result row: EntityKey[domain.RateDomainModel#4]
20:50:18.790 [main] DEBUG org.hibernate.loader.Loader - Result set row: 4
20:50:18.790 [main] DEBUG org.hibernate.loader.Loader - Result row: EntityKey[domain.RateDomainModel#5]
20:50:18.791 [main] DEBUG o.h.engine.internal.TwoPhaseLoad - Resolving associations for [domain.RateDomainModel#1]
20:50:18.791 [main] DEBUG o.h.engine.internal.TwoPhaseLoad - Done materializing entity [domain.RateDomainModel#1]
20:50:18.791 [main] DEBUG o.h.engine.internal.TwoPhaseLoad - Resolving associations for [domain.RateDomainModel#2]
20:50:18.792 [main] DEBUG o.h.engine.internal.TwoPhaseLoad - Done materializing entity [domain.RateDomainModel#2]
20:50:18.792 [main] DEBUG o.h.engine.internal.TwoPhaseLoad - Resolving associations for [domain.RateDomainModel#3]
20:50:18.792 [main] DEBUG o.h.engine.internal.TwoPhaseLoad - Done materializing entity [domain.RateDomainModel#3]
20:50:18.792 [main] DEBUG o.h.engine.internal.TwoPhaseLoad - Resolving associations for [domain.RateDomainModel#4]
20:50:18.793 [main] DEBUG o.h.engine.internal.TwoPhaseLoad - Done materializing entity [domain.RateDomainModel#4]
20:50:18.793 [main] DEBUG o.h.engine.internal.TwoPhaseLoad - Resolving associations for [domain.RateDomainModel#5]
20:50:18.793 [main] DEBUG o.h.engine.internal.TwoPhaseLoad - Done materializing entity [domain.RateDomainModel#5]
20:50:18.794 [main] DEBUG o.h.e.t.spi.AbstractTransactionImpl - committing
20:50:18.794 [main] DEBUG o.h.e.i.AbstractFlushingEventListener - Processing flush-time cascades
20:50:18.794 [main] DEBUG o.h.e.i.AbstractFlushingEventListener - Dirty checking collections
20:50:18.795 [main] DEBUG o.h.e.i.AbstractFlushingEventListener - Flushed: 0 insertions, 0 updates, 0 deletions to 5 objects
20:50:18.796 [main] DEBUG o.h.e.i.AbstractFlushingEventListener - Flushed: 0 (re)creations, 0 updates, 0 removals to 0 collections
20:50:18.796 [main] DEBUG o.h.internal.util.EntityPrinter - Listing entities:
20:50:18.801 [main] DEBUG o.h.internal.util.EntityPrinter - domain.RateDomainModel{RateID=4, MinCreditScore=750, InterestRate=3.75}
20:50:18.801 [main] DEBUG o.h.internal.util.EntityPrinter - domain.RateDomainModel{RateID=5, MinCreditScore=800, InterestRate=3.5}
20:50:18.801 [main] DEBUG o.h.internal.util.EntityPrinter - domain.RateDomainModel{RateID=2, MinCreditScore=650, InterestRate=4.5}
20:50:18.801 [main] DEBUG o.h.internal.util.EntityPrinter - domain.RateDomainModel{RateID=3, MinCreditScore=700, InterestRate=4.0}
20:50:18.801 [main] DEBUG o.h.internal.util.EntityPrinter - domain.RateDomainModel{RateID=1, MinCreditScore=600, InterestRate=5.0}
20:50:18.818 [main] DEBUG o.h.e.t.i.jdbc.JdbcTransaction - committed JDBC Connection
</system-out>
  </testcase>
</testsuite>