<?xml version="1.0" encoding="UTF-8" ?>
<testsuite tests="2" failures="0" name="UnitTests.RateBLL_Test" time="1.883" errors="1" skipped="0">
  <properties>
[...]
</properties>
  <testcase classname="UnitTests.RateBLL_Test" name="MortgageDisplayTest" time="0.002"/>
  <testcase classname="UnitTests.RateBLL_Test" name="PaymentTest" time="1.881">
    <error message="org.hibernate.Session.close()V" type="java.lang.NoSuchMethodError">java.lang.NoSuchMethodError: org.hibernate.Session.close()V
	at base.RateDAL.getTBLRates(RateDAL.java:43)
	at base.RateDAL.getRate(RateDAL.java:57)
	at ch.makery.address.model.Rate.getPayment(Rate.java:22)
	at UnitTests.RateBLL_Test.PaymentTest(RateBLL_Test.java:22)
	at sun.reflect.NativeMethodAccessorImpl.invoke0(Native Method)
	at sun.reflect.NativeMethodAccessorImpl.invoke(NativeMethodAccessorImpl.java:62)
	at sun.reflect.DelegatingMethodAccessorImpl.invoke(DelegatingMethodAccessorImpl.java:43)
	at java.lang.reflect.Method.invoke(Method.java:497)
	at org.junit.runners.model.FrameworkMethod$1.runReflectiveCall(FrameworkMethod.java:47)
	at org.junit.internal.runners.model.ReflectiveCallable.run(ReflectiveCallable.java:12)
	at org.junit.runners.model.FrameworkMethod.invokeExplosively(FrameworkMethod.java:44)
	at org.junit.internal.runners.statements.InvokeMethod.evaluate(InvokeMethod.java:17)
	at org.junit.runners.ParentRunner.runLeaf(ParentRunner.java:271)
	at org.junit.runners.BlockJUnit4ClassRunner.runChild(BlockJUnit4ClassRunner.java:70)
	at org.junit.runners.BlockJUnit4ClassRunner.runChild(BlockJUnit4ClassRunner.java:50)
	at org.junit.runners.ParentRunner$3.run(ParentRunner.java:238)
	at org.junit.runners.ParentRunner$1.schedule(ParentRunner.java:63)
	at org.junit.runners.ParentRunner.runChildren(ParentRunner.java:236)
	at org.junit.runners.ParentRunner.access$000(ParentRunner.java:53)
	at org.junit.runners.ParentRunner$2.evaluate(ParentRunner.java:229)
	at org.junit.runners.ParentRunner.run(ParentRunner.java:309)
	at org.apache.maven.surefire.junit4.JUnit4Provider.execute(JUnit4Provider.java:252)
	at org.apache.maven.surefire.junit4.JUnit4Provider.executeTestSet(JUnit4Provider.java:141)
	at org.apache.maven.surefire.junit4.JUnit4Provider.invoke(JUnit4Provider.java:112)
	at sun.reflect.NativeMethodAccessorImpl.invoke0(Native Method)
	at sun.reflect.NativeMethodAccessorImpl.invoke(NativeMethodAccessorImpl.java:62)
	at sun.reflect.DelegatingMethodAccessorImpl.invoke(DelegatingMethodAccessorImpl.java:43)
	at java.lang.reflect.Method.invoke(Method.java:497)
	at org.apache.maven.surefire.util.ReflectionUtils.invokeMethodWithArray(ReflectionUtils.java:189)
	at org.apache.maven.surefire.booter.ProviderFactory$ProviderProxy.invoke(ProviderFactory.java:165)
	at org.apache.maven.surefire.booter.ProviderFactory.invokeProvider(ProviderFactory.java:85)
	at org.apache.maven.surefire.booter.ForkedBooter.runSuitesInProcess(ForkedBooter.java:115)
	at org.apache.maven.surefire.booter.ForkedBooter.main(ForkedBooter.java:75)
</error>
    <system-out>15:44:21.962 [main] DEBUG org.jboss.logging - Logging Provider: org.jboss.logging.Slf4jLoggerProvider
15:44:21.978 [main] DEBUG org.hibernate.type.BasicTypeRegistry - Adding type registration boolean -&gt; org.hibernate.type.BooleanType@3a82f6ef
15:44:21.979 [main] DEBUG org.hibernate.type.BasicTypeRegistry - Adding type registration boolean -&gt; org.hibernate.type.BooleanType@3a82f6ef
15:44:21.979 [main] DEBUG org.hibernate.type.BasicTypeRegistry - Adding type registration java.lang.Boolean -&gt; org.hibernate.type.BooleanType@3a82f6ef
15:44:21.979 [main] DEBUG org.hibernate.type.BasicTypeRegistry - Adding type registration numeric_boolean -&gt; org.hibernate.type.NumericBooleanType@6d00a15d
15:44:21.981 [main] DEBUG org.hibernate.type.BasicTypeRegistry - Adding type registration true_false -&gt; org.hibernate.type.TrueFalseType@62ee68d8
15:44:21.981 [main] DEBUG org.hibernate.type.BasicTypeRegistry - Adding type registration yes_no -&gt; org.hibernate.type.YesNoType@4520ebad
15:44:21.983 [main] DEBUG org.hibernate.type.BasicTypeRegistry - Adding type registration byte -&gt; org.hibernate.type.ByteType@7c16905e
15:44:21.983 [main] DEBUG org.hibernate.type.BasicTypeRegistry - Adding type registration byte -&gt; org.hibernate.type.ByteType@7c16905e
15:44:21.984 [main] DEBUG org.hibernate.type.BasicTypeRegistry - Adding type registration java.lang.Byte -&gt; org.hibernate.type.ByteType@7c16905e
15:44:21.985 [main] DEBUG org.hibernate.type.BasicTypeRegistry - Adding type registration character -&gt; org.hibernate.type.CharacterType@28feb3fa
15:44:21.985 [main] DEBUG org.hibernate.type.BasicTypeRegistry - Adding type registration char -&gt; org.hibernate.type.CharacterType@28feb3fa
15:44:21.985 [main] DEBUG org.hibernate.type.BasicTypeRegistry - Adding type registration java.lang.Character -&gt; org.hibernate.type.CharacterType@28feb3fa
15:44:21.986 [main] DEBUG org.hibernate.type.BasicTypeRegistry - Adding type registration short -&gt; org.hibernate.type.ShortType@4cc0edeb
15:44:21.987 [main] DEBUG org.hibernate.type.BasicTypeRegistry - Adding type registration short -&gt; org.hibernate.type.ShortType@4cc0edeb
15:44:21.989 [main] DEBUG org.hibernate.type.BasicTypeRegistry - Adding type registration java.lang.Short -&gt; org.hibernate.type.ShortType@4cc0edeb
15:44:21.990 [main] DEBUG org.hibernate.type.BasicTypeRegistry - Adding type registration integer -&gt; org.hibernate.type.IntegerType@29ee9faa
15:44:21.990 [main] DEBUG org.hibernate.type.BasicTypeRegistry - Adding type registration int -&gt; org.hibernate.type.IntegerType@29ee9faa
15:44:21.990 [main] DEBUG org.hibernate.type.BasicTypeRegistry - Adding type registration java.lang.Integer -&gt; org.hibernate.type.IntegerType@29ee9faa
15:44:21.991 [main] DEBUG org.hibernate.type.BasicTypeRegistry - Adding type registration long -&gt; org.hibernate.type.LongType@4b9e13df
15:44:21.991 [main] DEBUG org.hibernate.type.BasicTypeRegistry - Adding type registration long -&gt; org.hibernate.type.LongType@4b9e13df
15:44:21.991 [main] DEBUG org.hibernate.type.BasicTypeRegistry - Adding type registration java.lang.Long -&gt; org.hibernate.type.LongType@4b9e13df
15:44:21.993 [main] DEBUG org.hibernate.type.BasicTypeRegistry - Adding type registration float -&gt; org.hibernate.type.FloatType@d8355a8
15:44:21.993 [main] DEBUG org.hibernate.type.BasicTypeRegistry - Adding type registration float -&gt; org.hibernate.type.FloatType@d8355a8
15:44:21.993 [main] DEBUG org.hibernate.type.BasicTypeRegistry - Adding type registration java.lang.Float -&gt; org.hibernate.type.FloatType@d8355a8
15:44:21.994 [main] DEBUG org.hibernate.type.BasicTypeRegistry - Adding type registration double -&gt; org.hibernate.type.DoubleType@29774679
15:44:21.994 [main] DEBUG org.hibernate.type.BasicTypeRegistry - Adding type registration double -&gt; org.hibernate.type.DoubleType@29774679
15:44:21.994 [main] DEBUG org.hibernate.type.BasicTypeRegistry - Adding type registration java.lang.Double -&gt; org.hibernate.type.DoubleType@29774679
15:44:21.996 [main] DEBUG org.hibernate.type.BasicTypeRegistry - Adding type registration big_decimal -&gt; org.hibernate.type.BigDecimalType@6f7fd0e6
15:44:21.996 [main] DEBUG org.hibernate.type.BasicTypeRegistry - Adding type registration java.math.BigDecimal -&gt; org.hibernate.type.BigDecimalType@6f7fd0e6
15:44:21.997 [main] DEBUG org.hibernate.type.BasicTypeRegistry - Adding type registration big_integer -&gt; org.hibernate.type.BigIntegerType@1e88b3c
15:44:21.997 [main] DEBUG org.hibernate.type.BasicTypeRegistry - Adding type registration java.math.BigInteger -&gt; org.hibernate.type.BigIntegerType@1e88b3c
15:44:21.998 [main] DEBUG org.hibernate.type.BasicTypeRegistry - Adding type registration string -&gt; org.hibernate.type.StringType@5c3bd550
15:44:21.999 [main] DEBUG org.hibernate.type.BasicTypeRegistry - Adding type registration java.lang.String -&gt; org.hibernate.type.StringType@5c3bd550
15:44:21.999 [main] DEBUG org.hibernate.type.BasicTypeRegistry - Adding type registration nstring -&gt; org.hibernate.type.StringNVarcharType@6a41eaa2
15:44:22.000 [main] DEBUG org.hibernate.type.BasicTypeRegistry - Adding type registration ncharacter -&gt; org.hibernate.type.CharacterNCharType@4883b407
15:44:22.001 [main] DEBUG org.hibernate.type.BasicTypeRegistry - Adding type registration url -&gt; org.hibernate.type.UrlType@57baeedf
15:44:22.001 [main] DEBUG org.hibernate.type.BasicTypeRegistry - Adding type registration java.net.URL -&gt; org.hibernate.type.UrlType@57baeedf
15:44:22.003 [main] DEBUG org.hibernate.type.BasicTypeRegistry - Adding type registration date -&gt; org.hibernate.type.DateType@e25b2fe
15:44:22.003 [main] DEBUG org.hibernate.type.BasicTypeRegistry - Adding type registration java.sql.Date -&gt; org.hibernate.type.DateType@e25b2fe
15:44:22.004 [main] DEBUG org.hibernate.type.BasicTypeRegistry - Adding type registration time -&gt; org.hibernate.type.TimeType@13deb50e
15:44:22.004 [main] DEBUG org.hibernate.type.BasicTypeRegistry - Adding type registration java.sql.Time -&gt; org.hibernate.type.TimeType@13deb50e
15:44:22.006 [main] DEBUG org.hibernate.type.BasicTypeRegistry - Adding type registration timestamp -&gt; org.hibernate.type.TimestampType@14bf9759
15:44:22.006 [main] DEBUG org.hibernate.type.BasicTypeRegistry - Adding type registration java.sql.Timestamp -&gt; org.hibernate.type.TimestampType@14bf9759
15:44:22.006 [main] DEBUG org.hibernate.type.BasicTypeRegistry - Adding type registration java.util.Date -&gt; org.hibernate.type.TimestampType@14bf9759
15:44:22.007 [main] DEBUG org.hibernate.type.BasicTypeRegistry - Adding type registration dbtimestamp -&gt; org.hibernate.type.DbTimestampType@4f7d0008
15:44:22.008 [main] DEBUG org.hibernate.type.BasicTypeRegistry - Adding type registration calendar -&gt; org.hibernate.type.CalendarType@402a079c
15:44:22.008 [main] DEBUG org.hibernate.type.BasicTypeRegistry - Adding type registration java.util.Calendar -&gt; org.hibernate.type.CalendarType@402a079c
15:44:22.008 [main] DEBUG org.hibernate.type.BasicTypeRegistry - Adding type registration java.util.GregorianCalendar -&gt; org.hibernate.type.CalendarType@402a079c
15:44:22.009 [main] DEBUG org.hibernate.type.BasicTypeRegistry - Adding type registration calendar_date -&gt; org.hibernate.type.CalendarDateType@2f686d1f
15:44:22.010 [main] DEBUG org.hibernate.type.BasicTypeRegistry - Adding type registration locale -&gt; org.hibernate.type.LocaleType@5700d6b1
15:44:22.010 [main] DEBUG org.hibernate.type.BasicTypeRegistry - Adding type registration java.util.Locale -&gt; org.hibernate.type.LocaleType@5700d6b1
15:44:22.011 [main] DEBUG org.hibernate.type.BasicTypeRegistry - Adding type registration currency -&gt; org.hibernate.type.CurrencyType@31a5c39e
15:44:22.011 [main] DEBUG org.hibernate.type.BasicTypeRegistry - Adding type registration java.util.Currency -&gt; org.hibernate.type.CurrencyType@31a5c39e
15:44:22.011 [main] DEBUG org.hibernate.type.BasicTypeRegistry - Adding type registration timezone -&gt; org.hibernate.type.TimeZoneType@27c20538
15:44:22.012 [main] DEBUG org.hibernate.type.BasicTypeRegistry - Adding type registration java.util.TimeZone -&gt; org.hibernate.type.TimeZoneType@27c20538
15:44:22.012 [main] DEBUG org.hibernate.type.BasicTypeRegistry - Adding type registration class -&gt; org.hibernate.type.ClassType@5cb9f472
15:44:22.012 [main] DEBUG org.hibernate.type.BasicTypeRegistry - Adding type registration java.lang.Class -&gt; org.hibernate.type.ClassType@5cb9f472
15:44:22.014 [main] DEBUG org.hibernate.type.BasicTypeRegistry - Adding type registration uuid-binary -&gt; org.hibernate.type.UUIDBinaryType@69ea3742
15:44:22.014 [main] DEBUG org.hibernate.type.BasicTypeRegistry - Adding type registration java.util.UUID -&gt; org.hibernate.type.UUIDBinaryType@69ea3742
15:44:22.016 [main] DEBUG org.hibernate.type.BasicTypeRegistry - Adding type registration uuid-char -&gt; org.hibernate.type.UUIDCharType@73846619
15:44:22.016 [main] DEBUG org.hibernate.type.BasicTypeRegistry - Adding type registration pg-uuid -&gt; org.hibernate.type.PostgresUUIDType@2d928643
15:44:22.017 [main] DEBUG org.hibernate.type.BasicTypeRegistry - Adding type registration binary -&gt; org.hibernate.type.BinaryType@64bfbc86
15:44:22.017 [main] DEBUG org.hibernate.type.BasicTypeRegistry - Adding type registration byte[] -&gt; org.hibernate.type.BinaryType@64bfbc86
15:44:22.017 [main] DEBUG org.hibernate.type.BasicTypeRegistry - Adding type registration [B -&gt; org.hibernate.type.BinaryType@64bfbc86
15:44:22.018 [main] DEBUG org.hibernate.type.BasicTypeRegistry - Adding type registration wrapper-binary -&gt; org.hibernate.type.WrapperBinaryType@10bdf5e5
15:44:22.018 [main] DEBUG org.hibernate.type.BasicTypeRegistry - Adding type registration Byte[] -&gt; org.hibernate.type.WrapperBinaryType@10bdf5e5
15:44:22.018 [main] DEBUG org.hibernate.type.BasicTypeRegistry - Adding type registration [Ljava.lang.Byte; -&gt; org.hibernate.type.WrapperBinaryType@10bdf5e5
15:44:22.020 [main] DEBUG org.hibernate.type.BasicTypeRegistry - Adding type registration image -&gt; org.hibernate.type.ImageType@60c6f5b
15:44:22.021 [main] DEBUG org.hibernate.type.BasicTypeRegistry - Adding type registration characters -&gt; org.hibernate.type.CharArrayType@31610302
15:44:22.021 [main] DEBUG org.hibernate.type.BasicTypeRegistry - Adding type registration char[] -&gt; org.hibernate.type.CharArrayType@31610302
15:44:22.021 [main] DEBUG org.hibernate.type.BasicTypeRegistry - Adding type registration [C -&gt; org.hibernate.type.CharArrayType@31610302
15:44:22.022 [main] DEBUG org.hibernate.type.BasicTypeRegistry - Adding type registration wrapper-characters -&gt; org.hibernate.type.CharacterArrayType@4e1d422d
15:44:22.022 [main] DEBUG org.hibernate.type.BasicTypeRegistry - Adding type registration [Ljava.lang.Character; -&gt; org.hibernate.type.CharacterArrayType@4e1d422d
15:44:22.022 [main] DEBUG org.hibernate.type.BasicTypeRegistry - Adding type registration Character[] -&gt; org.hibernate.type.CharacterArrayType@4e1d422d
15:44:22.022 [main] DEBUG org.hibernate.type.BasicTypeRegistry - Adding type registration text -&gt; org.hibernate.type.TextType@5ec0a365
15:44:22.023 [main] DEBUG org.hibernate.type.BasicTypeRegistry - Adding type registration ntext -&gt; org.hibernate.type.NTextType@20398b7c
15:44:22.027 [main] DEBUG org.hibernate.type.BasicTypeRegistry - Adding type registration blob -&gt; org.hibernate.type.BlobType@6ddf90b0
15:44:22.027 [main] DEBUG org.hibernate.type.BasicTypeRegistry - Adding type registration java.sql.Blob -&gt; org.hibernate.type.BlobType@6ddf90b0
15:44:22.027 [main] DEBUG org.hibernate.type.BasicTypeRegistry - Adding type registration materialized_blob -&gt; org.hibernate.type.MaterializedBlobType@5a8e6209
15:44:22.030 [main] DEBUG org.hibernate.type.BasicTypeRegistry - Adding type registration clob -&gt; org.hibernate.type.ClobType@610694f1
15:44:22.030 [main] DEBUG org.hibernate.type.BasicTypeRegistry - Adding type registration java.sql.Clob -&gt; org.hibernate.type.ClobType@610694f1
15:44:22.033 [main] DEBUG org.hibernate.type.BasicTypeRegistry - Adding type registration nclob -&gt; org.hibernate.type.NClobType@4973813a
15:44:22.033 [main] DEBUG org.hibernate.type.BasicTypeRegistry - Adding type registration java.sql.NClob -&gt; org.hibernate.type.NClobType@4973813a
15:44:22.034 [main] DEBUG org.hibernate.type.BasicTypeRegistry - Adding type registration materialized_clob -&gt; org.hibernate.type.MaterializedClobType@22a67b4
15:44:22.034 [main] DEBUG org.hibernate.type.BasicTypeRegistry - Adding type registration materialized_nclob -&gt; org.hibernate.type.MaterializedNClobType@3224f60b
15:44:22.035 [main] DEBUG org.hibernate.type.BasicTypeRegistry - Adding type registration serializable -&gt; org.hibernate.type.SerializableType@a7e666
15:44:22.037 [main] DEBUG org.hibernate.type.BasicTypeRegistry - Adding type registration object -&gt; org.hibernate.type.ObjectType@2a17b7b6
15:44:22.037 [main] DEBUG org.hibernate.type.BasicTypeRegistry - Adding type registration java.lang.Object -&gt; org.hibernate.type.ObjectType@2a17b7b6
15:44:22.038 [main] DEBUG org.hibernate.type.BasicTypeRegistry - Adding type registration imm_date -&gt; org.hibernate.type.AdaptedImmutableType@76707e36
15:44:22.038 [main] DEBUG org.hibernate.type.BasicTypeRegistry - Adding type registration imm_time -&gt; org.hibernate.type.AdaptedImmutableType@614ddd49
15:44:22.038 [main] DEBUG org.hibernate.type.BasicTypeRegistry - Adding type registration imm_timestamp -&gt; org.hibernate.type.AdaptedImmutableType@1f554b06
15:44:22.038 [main] DEBUG org.hibernate.type.BasicTypeRegistry - Adding type registration imm_dbtimestamp -&gt; org.hibernate.type.AdaptedImmutableType@694e1548
15:44:22.038 [main] DEBUG org.hibernate.type.BasicTypeRegistry - Adding type registration imm_calendar -&gt; org.hibernate.type.AdaptedImmutableType@1c3a4799
15:44:22.038 [main] DEBUG org.hibernate.type.BasicTypeRegistry - Adding type registration imm_calendar_date -&gt; org.hibernate.type.AdaptedImmutableType@131276c2
15:44:22.038 [main] DEBUG org.hibernate.type.BasicTypeRegistry - Adding type registration imm_binary -&gt; org.hibernate.type.AdaptedImmutableType@26aa12dd
15:44:22.038 [main] DEBUG org.hibernate.type.BasicTypeRegistry - Adding type registration imm_serializable -&gt; org.hibernate.type.AdaptedImmutableType@3fd7a715
15:44:22.053 [main] INFO  o.h.annotations.common.Version - HCANN000001: Hibernate Commons Annotations {4.0.1.Final}
15:44:22.057 [main] INFO  org.hibernate.Version - HHH000412: Hibernate Core {4.2.1.Final}
15:44:22.059 [main] INFO  org.hibernate.cfg.Environment - HHH000206: hibernate.properties not found
15:44:22.060 [main] INFO  org.hibernate.cfg.Environment - HHH000021: Bytecode provider name : javassist
15:44:22.071 [main] DEBUG o.h.i.f.i.DefaultIdentifierGeneratorFactory - Registering IdentifierGenerator strategy [uuid2] -&gt; [org.hibernate.id.UUIDGenerator]
15:44:22.071 [main] DEBUG o.h.i.f.i.DefaultIdentifierGeneratorFactory - Registering IdentifierGenerator strategy [guid] -&gt; [org.hibernate.id.GUIDGenerator]
15:44:22.072 [main] DEBUG o.h.i.f.i.DefaultIdentifierGeneratorFactory - Registering IdentifierGenerator strategy [uuid] -&gt; [org.hibernate.id.UUIDHexGenerator]
15:44:22.073 [main] DEBUG o.h.i.f.i.DefaultIdentifierGeneratorFactory - Registering IdentifierGenerator strategy [uuid.hex] -&gt; [org.hibernate.id.UUIDHexGenerator]
15:44:22.074 [main] DEBUG o.h.i.f.i.DefaultIdentifierGeneratorFactory - Registering IdentifierGenerator strategy [hilo] -&gt; [org.hibernate.id.TableHiLoGenerator]
15:44:22.074 [main] DEBUG o.h.i.f.i.DefaultIdentifierGeneratorFactory - Registering IdentifierGenerator strategy [assigned] -&gt; [org.hibernate.id.Assigned]
15:44:22.075 [main] DEBUG o.h.i.f.i.DefaultIdentifierGeneratorFactory - Registering IdentifierGenerator strategy [identity] -&gt; [org.hibernate.id.IdentityGenerator]
15:44:22.076 [main] DEBUG o.h.i.f.i.DefaultIdentifierGeneratorFactory - Registering IdentifierGenerator strategy [select] -&gt; [org.hibernate.id.SelectGenerator]
15:44:22.076 [main] DEBUG o.h.i.f.i.DefaultIdentifierGeneratorFactory - Registering IdentifierGenerator strategy [sequence] -&gt; [org.hibernate.id.SequenceGenerator]
15:44:22.077 [main] DEBUG o.h.i.f.i.DefaultIdentifierGeneratorFactory - Registering IdentifierGenerator strategy [seqhilo] -&gt; [org.hibernate.id.SequenceHiLoGenerator]
15:44:22.077 [main] DEBUG o.h.i.f.i.DefaultIdentifierGeneratorFactory - Registering IdentifierGenerator strategy [increment] -&gt; [org.hibernate.id.IncrementGenerator]
15:44:22.078 [main] DEBUG o.h.i.f.i.DefaultIdentifierGeneratorFactory - Registering IdentifierGenerator strategy [foreign] -&gt; [org.hibernate.id.ForeignGenerator]
15:44:22.078 [main] DEBUG o.h.i.f.i.DefaultIdentifierGeneratorFactory - Registering IdentifierGenerator strategy [sequence-identity] -&gt; [org.hibernate.id.SequenceIdentityGenerator]
15:44:22.079 [main] DEBUG o.h.i.f.i.DefaultIdentifierGeneratorFactory - Registering IdentifierGenerator strategy [enhanced-sequence] -&gt; [org.hibernate.id.enhanced.SequenceStyleGenerator]
15:44:22.079 [main] DEBUG o.h.i.f.i.DefaultIdentifierGeneratorFactory - Registering IdentifierGenerator strategy [enhanced-table] -&gt; [org.hibernate.id.enhanced.TableGenerator]
15:44:22.081 [main] INFO  org.hibernate.cfg.Configuration - HHH000043: Configuring from resource: /hibernate.cfg.xml
15:44:22.082 [main] INFO  org.hibernate.cfg.Configuration - HHH000040: Configuration resource: /hibernate.cfg.xml
15:44:22.118 [main] DEBUG o.h.i.util.xml.DTDEntityResolver - Trying to resolve system-id [http://www.hibernate.org/dtd/hibernate-configuration-3.0.dtd]
15:44:22.119 [main] DEBUG o.h.i.util.xml.DTDEntityResolver - Recognized hibernate namespace; attempting to resolve on classpath under org/hibernate/
15:44:22.119 [main] DEBUG o.h.i.util.xml.DTDEntityResolver - Located [http://www.hibernate.org/dtd/hibernate-configuration-3.0.dtd] in classpath
15:44:22.134 [main] DEBUG org.hibernate.cfg.Configuration - hibernate.dialect=org.hibernate.dialect.Oracle10gDialect
15:44:22.134 [main] DEBUG org.hibernate.cfg.Configuration - hibernate.default_schema=KimD
15:44:22.134 [main] DEBUG org.hibernate.cfg.Configuration - hibernate.connection.username=KimD
15:44:22.134 [main] DEBUG org.hibernate.cfg.Configuration - hibernate.connection.password=MTTFWWETNAfan1
15:44:22.134 [main] DEBUG org.hibernate.cfg.Configuration - hibernate.connection.url=jdbc:oracle:thin:@cisc181.ci3wacsy5j84.us-east-1.rds.amazonaws.com:1521:ORCL
15:44:22.134 [main] DEBUG org.hibernate.cfg.Configuration - show_sql=true
15:44:22.134 [main] DEBUG org.hibernate.cfg.Configuration - format_sql=true
15:44:22.135 [main] DEBUG org.hibernate.cfg.Configuration - hibernate.hbm2ddl.auto=update
15:44:22.135 [main] DEBUG org.hibernate.cfg.Configuration - Session-factory config [null] named resource [mapping/Rate.hbm.xml] for mapping
15:44:22.135 [main] INFO  org.hibernate.cfg.Configuration - HHH000221: Reading mappings from resource: mapping/Rate.hbm.xml
15:44:22.153 [main] DEBUG o.h.i.util.xml.DTDEntityResolver - Trying to resolve system-id [http://hibernate.sourceforge.net/hibernate-mapping-3.0.dtd]
15:44:22.154 [main] WARN  o.h.i.util.xml.DTDEntityResolver - HHH000223: Recognized obsolete hibernate namespace http://hibernate.sourceforge.net/. Use namespace http://www.hibernate.org/dtd/ instead. Refer to Hibernate 3.6 Migration Guide!
15:44:22.154 [main] DEBUG o.h.i.util.xml.DTDEntityResolver - Attempting to resolve on classpath under org/hibernate/
15:44:22.154 [main] DEBUG o.h.i.util.xml.DTDEntityResolver - Located [http://hibernate.sourceforge.net/hibernate-mapping-3.0.dtd] in classpath
15:44:22.170 [main] INFO  org.hibernate.cfg.Configuration - HHH000041: Configured SessionFactory: null
15:44:22.171 [main] DEBUG org.hibernate.cfg.Configuration - Properties: {hibernate.connection.password=MTTFWWETNAfan1, java.runtime.name=Java(TM) SE Runtime Environment, hibernate.default_schema=KimD, sun.boot.library.path=C:\Program Files\Java\jdk1.8.0_60\jre\bin, java.vm.version=25.60-b23, hibernate.connection.username=KimD, java.vm.vendor=Oracle Corporation, java.vendor.url=http://java.oracle.com/, path.separator=;, java.vm.name=Java HotSpot(TM) 64-Bit Server VM, file.encoding.pkg=sun.io, user.script=, user.country=US, sun.java.launcher=SUN_STANDARD, sun.os.patch.level=, java.vm.specification.name=Java Virtual Machine Specification, user.dir=C:\Users\Daniel\git\FinalExamStarter\FirstBankMortgage_JavaFx, java.runtime.version=1.8.0_60-b27, java.awt.graphicsenv=sun.awt.Win32GraphicsEnvironment, basedir=C:\Users\Daniel\git\FinalExamStarter\FirstBankMortgage_JavaFx, java.endorsed.dirs=C:\Program Files\Java\jdk1.8.0_60\jre\lib\endorsed, os.arch=amd64, surefire.real.class.path=C:\Users\Daniel\git\FinalExamStarter\FirstBankMortgage_JavaFx\target\surefire\surefirebooter694638368975436702.jar, java.io.tmpdir=C:\Users\Daniel\AppData\Local\Temp\, line.separator=
, java.vm.specification.vendor=Oracle Corporation, user.variant=, os.name=Windows 10, sun.jnu.encoding=Cp1252, java.library.path=C:\Program Files\Java\jdk1.8.0_60\jre\bin;C:\WINDOWS\Sun\Java\bin;C:\WINDOWS\system32;C:\WINDOWS;C:/Program Files/Java/jre1.8.0_66/bin/server;C:/Program Files/Java/jre1.8.0_66/bin;C:/Program Files/Java/jre1.8.0_66/lib/amd64;C:\ProgramData\Oracle\Java\javapath;C:\Program Files (x86)\NVIDIA Corporation\PhysX\Common;c:\Program Files (x86)\Intel\iCLS Client\;c:\Program Files\Intel\iCLS Client\;C:\WINDOWS\system32;C:\WINDOWS;C:\WINDOWS\System32\Wbem;C:\WINDOWS\System32\WindowsPowerShell\v1.0\;C:\Program Files\Hewlett-Packard\SimplePass\;C:\Program Files\Intel\Intel(R) Management Engine Components\DAL;C:\Program Files\Intel\Intel(R) Management Engine Components\IPT;C:\Program Files (x86)\Intel\Intel(R) Management Engine Components\DAL;C:\Program Files (x86)\Intel\Intel(R) Management Engine Components\IPT;c:\Program Files\Intel\WiFi\bin\;c:\Program Files\Common Files\Intel\WirelessCommon\;C:\Program Files (x86)\QuickTime\QTSystem\;c:\Program Files\Intel\WiFi\bin\;c:\Program Files\Common Files\Intel\WirelessCommon\;C:\Eclipse\Eclipse Mars J2SE\eclipse-java-mars-R-win32-x86_64\eclipse;;., surefire.test.class.path=C:\Users\Daniel\git\FinalExamStarter\FirstBankMortgage_JavaFx\target\test-classes;C:\Users\Daniel\git\FinalExamStarter\FirstBankMortgage_JavaFx\target\classes;C:\Users\Daniel\.m2\repository\org\springframework\spring-context\3.2.3.RELEASE\spring-context-3.2.3.RELEASE.jar;C:\Users\Daniel\.m2\repository\org\springframework\spring-aop\3.2.3.RELEASE\spring-aop-3.2.3.RELEASE.jar;C:\Users\Daniel\.m2\repository\org\springframework\spring-beans\3.2.3.RELEASE\spring-beans-3.2.3.RELEASE.jar;C:\Users\Daniel\.m2\repository\org\springframework\spring-core\3.2.3.RELEASE\spring-core-3.2.3.RELEASE.jar;C:\Users\Daniel\.m2\repository\commons-logging\commons-logging\1.1.1\commons-logging-1.1.1.jar;C:\Users\Daniel\.m2\repository\org\springframework\spring-expression\3.2.3.RELEASE\spring-expression-3.2.3.RELEASE.jar;C:\Users\Daniel\.m2\repository\org\springframework\spring-tx\3.2.3.RELEASE\spring-tx-3.2.3.RELEASE.jar;C:\Users\Daniel\.m2\repository\aopalliance\aopalliance\1.0\aopalliance-1.0.jar;C:\Users\Daniel\.m2\repository\org\slf4j\slf4j-api\1.7.5\slf4j-api-1.7.5.jar;C:\Users\Daniel\.m2\repository\ch\qos\logback\logback-classic\1.0.13\logback-classic-1.0.13.jar;C:\Users\Daniel\.m2\repository\ch\qos\logback\logback-core\1.0.13\logback-core-1.0.13.jar;C:\Users\Daniel\.m2\repository\org\hibernate\hibernate-entitymanager\4.2.1.Final\hibernate-entitymanager-4.2.1.Final.jar;C:\Users\Daniel\.m2\repository\org\jboss\logging\jboss-logging\3.1.0.GA\jboss-logging-3.1.0.GA.jar;C:\Users\Daniel\.m2\repository\org\hibernate\hibernate-core\4.2.1.Final\hibernate-core-4.2.1.Final.jar;C:\Users\Daniel\.m2\repository\antlr\antlr\2.7.7\antlr-2.7.7.jar;C:\Users\Daniel\.m2\repository\dom4j\dom4j\1.6.1\dom4j-1.6.1.jar;C:\Users\Daniel\.m2\repository\org\jboss\spec\javax\transaction\jboss-transaction-api_1.1_spec\1.0.1.Final\jboss-transaction-api_1.1_spec-1.0.1.Final.jar;C:\Users\Daniel\.m2\repository\org\hibernate\javax\persistence\hibernate-jpa-2.0-api\1.0.1.Final\hibernate-jpa-2.0-api-1.0.1.Final.jar;C:\Users\Daniel\.m2\repository\org\javassist\javassist\3.15.0-GA\javassist-3.15.0-GA.jar;C:\Users\Daniel\.m2\repository\org\hibernate\common\hibernate-commons-annotations\4.0.1.Final\hibernate-commons-annotations-4.0.1.Final.jar;C:\Users\Daniel\.m2\repository\org\springframework\spring-test\3.2.3.RELEASE\spring-test-3.2.3.RELEASE.jar;C:\Users\Daniel\.m2\repository\junit\junit\4.11\junit-4.11.jar;C:\Users\Daniel\.m2\repository\org\hamcrest\hamcrest-core\1.3\hamcrest-core-1.3.jar;C:\Users\Daniel\.m2\repository\org\springframework\samples\FirstBankMortgage_DAL\0.0.1-SNAPSHOT\FirstBankMortgage_DAL-0.0.1-SNAPSHOT.jar;C:\Users\Daniel\.m2\repository\org\apache\poi\poi\3.9\poi-3.9.jar;C:\Users\Daniel\.m2\repository\commons-codec\commons-codec\1.5\commons-codec-1.5.jar;C:\Users\Daniel\.m2\repository\com\oracle\ojdbc6\11.2.0.3\ojdbc6-11.2.0.3.jar;, java.specification.name=Java Platform API Specification, java.class.version=52.0, sun.management.compiler=HotSpot 64-Bit Tiered Compilers, os.version=10.0, user.home=C:\Users\Daniel, user.timezone=America/New_York, java.awt.printerjob=sun.awt.windows.WPrinterJob, file.encoding=Cp1252, java.specification.version=1.8, hibernate.format_sql=true, show_sql=true, java.class.path=C:\Users\Daniel\git\FinalExamStarter\FirstBankMortgage_JavaFx\target\test-classes;C:\Users\Daniel\git\FinalExamStarter\FirstBankMortgage_JavaFx\target\classes;C:\Users\Daniel\.m2\repository\org\springframework\spring-context\3.2.3.RELEASE\spring-context-3.2.3.RELEASE.jar;C:\Users\Daniel\.m2\repository\org\springframework\spring-aop\3.2.3.RELEASE\spring-aop-3.2.3.RELEASE.jar;C:\Users\Daniel\.m2\repository\org\springframework\spring-beans\3.2.3.RELEASE\spring-beans-3.2.3.RELEASE.jar;C:\Users\Daniel\.m2\repository\org\springframework\spring-core\3.2.3.RELEASE\spring-core-3.2.3.RELEASE.jar;C:\Users\Daniel\.m2\repository\commons-logging\commons-logging\1.1.1\commons-logging-1.1.1.jar;C:\Users\Daniel\.m2\repository\org\springframework\spring-expression\3.2.3.RELEASE\spring-expression-3.2.3.RELEASE.jar;C:\Users\Daniel\.m2\repository\org\springframework\spring-tx\3.2.3.RELEASE\spring-tx-3.2.3.RELEASE.jar;C:\Users\Daniel\.m2\repository\aopalliance\aopalliance\1.0\aopalliance-1.0.jar;C:\Users\Daniel\.m2\repository\org\slf4j\slf4j-api\1.7.5\slf4j-api-1.7.5.jar;C:\Users\Daniel\.m2\repository\ch\qos\logback\logback-classic\1.0.13\logback-classic-1.0.13.jar;C:\Users\Daniel\.m2\repository\ch\qos\logback\logback-core\1.0.13\logback-core-1.0.13.jar;C:\Users\Daniel\.m2\repository\org\hibernate\hibernate-entitymanager\4.2.1.Final\hibernate-entitymanager-4.2.1.Final.jar;C:\Users\Daniel\.m2\repository\org\jboss\logging\jboss-logging\3.1.0.GA\jboss-logging-3.1.0.GA.jar;C:\Users\Daniel\.m2\repository\org\hibernate\hibernate-core\4.2.1.Final\hibernate-core-4.2.1.Final.jar;C:\Users\Daniel\.m2\repository\antlr\antlr\2.7.7\antlr-2.7.7.jar;C:\Users\Daniel\.m2\repository\dom4j\dom4j\1.6.1\dom4j-1.6.1.jar;C:\Users\Daniel\.m2\repository\org\jboss\spec\javax\transaction\jboss-transaction-api_1.1_spec\1.0.1.Final\jboss-transaction-api_1.1_spec-1.0.1.Final.jar;C:\Users\Daniel\.m2\repository\org\hibernate\javax\persistence\hibernate-jpa-2.0-api\1.0.1.Final\hibernate-jpa-2.0-api-1.0.1.Final.jar;C:\Users\Daniel\.m2\repository\org\javassist\javassist\3.15.0-GA\javassist-3.15.0-GA.jar;C:\Users\Daniel\.m2\repository\org\hibernate\common\hibernate-commons-annotations\4.0.1.Final\hibernate-commons-annotations-4.0.1.Final.jar;C:\Users\Daniel\.m2\repository\org\springframework\spring-test\3.2.3.RELEASE\spring-test-3.2.3.RELEASE.jar;C:\Users\Daniel\.m2\repository\junit\junit\4.11\junit-4.11.jar;C:\Users\Daniel\.m2\repository\org\hamcrest\hamcrest-core\1.3\hamcrest-core-1.3.jar;C:\Users\Daniel\.m2\repository\org\springframework\samples\FirstBankMortgage_DAL\0.0.1-SNAPSHOT\FirstBankMortgage_DAL-0.0.1-SNAPSHOT.jar;C:\Users\Daniel\.m2\repository\org\apache\poi\poi\3.9\poi-3.9.jar;C:\Users\Daniel\.m2\repository\commons-codec\commons-codec\1.5\commons-codec-1.5.jar;C:\Users\Daniel\.m2\repository\com\oracle\ojdbc6\11.2.0.3\ojdbc6-11.2.0.3.jar;, user.name=Daniel, format_sql=true, hibernate.bytecode.use_reflection_optimizer=false, hibernate.show_sql=true, java.vm.specification.version=1.8, sun.java.command=C:\Users\Daniel\git\FinalExamStarter\FirstBankMortgage_JavaFx\target\surefire\surefirebooter694638368975436702.jar C:\Users\Daniel\git\FinalExamStarter\FirstBankMortgage_JavaFx\target\surefire\surefire8534996908124605864tmp C:\Users\Daniel\git\FinalExamStarter\FirstBankMortgage_JavaFx\target\surefire\surefire_08590772291659754045tmp, java.home=C:\Program Files\Java\jdk1.8.0_60\jre, sun.arch.data.model=64, hibernate.connection.url=jdbc:oracle:thin:@cisc181.ci3wacsy5j84.us-east-1.rds.amazonaws.com:1521:ORCL, hibernate.dialect=org.hibernate.dialect.Oracle10gDialect, user.language=en, java.specification.vendor=Oracle Corporation, awt.toolkit=sun.awt.windows.WToolkit, java.vm.info=mixed mode, java.version=1.8.0_60, java.ext.dirs=C:\Program Files\Java\jdk1.8.0_60\jre\lib\ext;C:\WINDOWS\Sun\Java\lib\ext, sun.boot.class.path=C:\Program Files\Java\jdk1.8.0_60\jre\lib\resources.jar;C:\Program Files\Java\jdk1.8.0_60\jre\lib\rt.jar;C:\Program Files\Java\jdk1.8.0_60\jre\lib\sunrsasign.jar;C:\Program Files\Java\jdk1.8.0_60\jre\lib\jsse.jar;C:\Program Files\Java\jdk1.8.0_60\jre\lib\jce.jar;C:\Program Files\Java\jdk1.8.0_60\jre\lib\charsets.jar;C:\Program Files\Java\jdk1.8.0_60\jre\lib\jfr.jar;C:\Program Files\Java\jdk1.8.0_60\jre\classes, java.vendor=Oracle Corporation, localRepository=C:\Users\Daniel\.m2\repository, file.separator=\, hibernate.hbm2ddl.auto=update, java.vendor.url.bug=http://bugreport.sun.com/bugreport/, sun.io.unicode.encoding=UnicodeLittle, sun.cpu.endian=little, sun.desktop=windows, sun.cpu.isalist=amd64}
15:44:22.197 [main] DEBUG o.h.i.internal.IntegratorServiceImpl - Adding Integrator [org.hibernate.cfg.beanvalidation.BeanValidationIntegrator].
15:44:22.219 [main] DEBUG org.hibernate.cfg.Configuration - Preparing to build session factory with filters : {}
15:44:22.237 [main] DEBUG org.hibernate.cfg.Configuration - Processing hbm.xml files
15:44:22.318 [main] DEBUG org.hibernate.cfg.HbmBinder - Mapping class: domain.RateDomainModel -&gt; tblrate
15:44:22.321 [main] DEBUG org.hibernate.cfg.HbmBinder - Mapped property: RateID -&gt; RateID
15:44:22.325 [main] DEBUG org.hibernate.cfg.HbmBinder - Mapped property: MinCreditScore -&gt; MinCreditScore
15:44:22.326 [main] DEBUG org.hibernate.cfg.HbmBinder - Mapped property: InterestRate -&gt; InterestRate
15:44:22.326 [main] DEBUG org.hibernate.cfg.Configuration - Process annotated classes
15:44:22.327 [main] DEBUG org.hibernate.cfg.Configuration - Processing fk mappings (*ToOne and JoinedSubclass)
15:44:22.328 [main] DEBUG org.hibernate.cfg.Configuration - Processing extends queue
15:44:22.328 [main] DEBUG org.hibernate.cfg.Configuration - Processing extends queue
15:44:22.328 [main] DEBUG org.hibernate.cfg.Configuration - Processing collection mappings
15:44:22.328 [main] DEBUG org.hibernate.cfg.Configuration - Processing native query and ResultSetMapping mappings
15:44:22.328 [main] DEBUG org.hibernate.cfg.Configuration - Processing association property references
15:44:22.328 [main] DEBUG org.hibernate.cfg.Configuration - Creating tables&apos; unique integer identifiers
15:44:22.328 [main] DEBUG org.hibernate.cfg.Configuration - Processing foreign key constraints
15:44:22.336 [main] INFO  o.h.s.j.c.i.DriverManagerConnectionProviderImpl - HHH000402: Using Hibernate built-in connection pool (not for production use!)
15:44:22.336 [main] WARN  o.h.s.j.c.i.DriverManagerConnectionProviderImpl - HHH000148: No JDBC Driver class was specified by property hibernate.connection.driver_class
15:44:22.336 [main] INFO  o.h.s.j.c.i.DriverManagerConnectionProviderImpl - HHH000115: Hibernate connection pool size: 20
15:44:22.336 [main] INFO  o.h.s.j.c.i.DriverManagerConnectionProviderImpl - HHH000006: Autocommit mode: false
15:44:22.337 [main] INFO  o.h.s.j.c.i.DriverManagerConnectionProviderImpl - HHH000401: using driver [null] at URL [jdbc:oracle:thin:@cisc181.ci3wacsy5j84.us-east-1.rds.amazonaws.com:1521:ORCL]
15:44:22.337 [main] INFO  o.h.s.j.c.i.DriverManagerConnectionProviderImpl - HHH000046: Connection properties: {user=KimD, password=MTTFWWETNAfan1}
15:44:22.350 [main] DEBUG o.h.s.j.c.i.DriverManagerConnectionProviderImpl - Opening new JDBC connection
15:44:22.780 [main] DEBUG o.h.s.j.c.i.DriverManagerConnectionProviderImpl - Created connection to: jdbc:oracle:thin:@cisc181.ci3wacsy5j84.us-east-1.rds.amazonaws.com:1521:ORCL, Isolation Level: 2
15:44:22.780 [main] DEBUG o.h.e.jdbc.internal.JdbcServicesImpl - Database -&gt;
       name : Oracle
    version : Oracle Database 11g Release 11.2.0.4.0 - 64bit Production
      major : 11
      minor : 2
15:44:22.780 [main] DEBUG o.h.e.jdbc.internal.JdbcServicesImpl - Driver -&gt;
       name : Oracle JDBC driver
    version : 11.2.0.3.0
      major : 11
      minor : 2
15:44:22.780 [main] DEBUG o.h.e.jdbc.internal.JdbcServicesImpl - JDBC version : 11.2
15:44:22.872 [main] INFO  org.hibernate.dialect.Dialect - HHH000400: Using dialect: org.hibernate.dialect.Oracle10gDialect
15:44:22.907 [main] DEBUG org.hibernate.cfg.SettingsFactory - Automatic flush during beforeCompletion(): disabled
15:44:22.908 [main] DEBUG org.hibernate.cfg.SettingsFactory - Automatic session close at end of transaction: disabled
15:44:22.908 [main] DEBUG org.hibernate.cfg.SettingsFactory - JDBC batch size: 15
15:44:22.908 [main] DEBUG org.hibernate.cfg.SettingsFactory - JDBC batch updates for versioned data: disabled
15:44:22.908 [main] DEBUG org.hibernate.cfg.SettingsFactory - Scrollable result sets: enabled
15:44:22.908 [main] DEBUG org.hibernate.cfg.SettingsFactory - Wrap result sets: disabled
15:44:22.908 [main] DEBUG org.hibernate.cfg.SettingsFactory - JDBC3 getGeneratedKeys(): disabled
15:44:22.908 [main] DEBUG org.hibernate.cfg.SettingsFactory - multi-tenancy strategy : NONE
15:44:22.908 [main] DEBUG org.hibernate.cfg.SettingsFactory - Connection release mode: auto
15:44:22.908 [main] INFO  o.h.e.t.i.TransactionFactoryInitiator - HHH000399: Using default transaction strategy (direct JDBC transactions)
15:44:22.911 [main] DEBUG org.hibernate.cfg.SettingsFactory - Using BatchFetchStyle : LEGACY
15:44:22.911 [main] DEBUG org.hibernate.cfg.SettingsFactory - Default schema: KimD
15:44:22.911 [main] DEBUG org.hibernate.cfg.SettingsFactory - Default batch fetch size: 1
15:44:22.911 [main] DEBUG org.hibernate.cfg.SettingsFactory - Generate SQL with comments: disabled
15:44:22.911 [main] DEBUG org.hibernate.cfg.SettingsFactory - Order SQL updates by primary key: disabled
15:44:22.911 [main] DEBUG org.hibernate.cfg.SettingsFactory - Order SQL inserts for batching: disabled
15:44:22.911 [main] DEBUG org.hibernate.cfg.SettingsFactory - Default null ordering: none
15:44:22.911 [main] DEBUG org.hibernate.cfg.SettingsFactory - Query translator: org.hibernate.hql.internal.ast.ASTQueryTranslatorFactory
15:44:22.913 [main] INFO  o.h.h.i.a.ASTQueryTranslatorFactory - HHH000397: Using ASTQueryTranslatorFactory
15:44:22.913 [main] DEBUG org.hibernate.cfg.SettingsFactory - Query language substitutions: {}
15:44:22.913 [main] DEBUG org.hibernate.cfg.SettingsFactory - JPA-QL strict compliance: disabled
15:44:22.913 [main] DEBUG org.hibernate.cfg.SettingsFactory - Second-level cache: enabled
15:44:22.913 [main] DEBUG org.hibernate.cfg.SettingsFactory - Query cache: disabled
15:44:22.913 [main] DEBUG org.hibernate.cfg.SettingsFactory - Cache region factory : org.hibernate.cache.internal.NoCachingRegionFactory
15:44:22.914 [main] DEBUG org.hibernate.cfg.SettingsFactory - org.hibernate.cache.internal.NoCachingRegionFactory did not provide constructor accepting java.util.Properties; attempting no-arg constructor.
15:44:22.914 [main] DEBUG org.hibernate.cfg.SettingsFactory - Optimize cache for minimal puts: disabled
15:44:22.914 [main] DEBUG org.hibernate.cfg.SettingsFactory - Structured second-level cache entries: disabled
15:44:22.914 [main] DEBUG org.hibernate.cfg.SettingsFactory - Second-level cache direct-reference entries: disabled
15:44:22.914 [main] DEBUG org.hibernate.cfg.SettingsFactory - Statistics: disabled
15:44:22.914 [main] DEBUG org.hibernate.cfg.SettingsFactory - Deleted entity synthetic identifier rollback: disabled
15:44:22.914 [main] DEBUG org.hibernate.cfg.SettingsFactory - Default entity-mode: pojo
15:44:22.915 [main] DEBUG org.hibernate.cfg.SettingsFactory - Named query checking : enabled
15:44:22.915 [main] DEBUG org.hibernate.cfg.SettingsFactory - Check Nullability in Core (should be disabled when Bean Validation is on): enabled
15:44:22.915 [main] DEBUG org.hibernate.cfg.SettingsFactory - Allow initialization of lazy state outside session : : disabled
15:44:22.915 [main] DEBUG org.hibernate.cfg.SettingsFactory - JTA Track by Thread: enabled
15:44:22.923 [main] DEBUG o.h.internal.SessionFactoryImpl - Building session factory
15:44:22.931 [main] DEBUG o.h.internal.SessionFactoryImpl - Session factory constructed with filter configurations : {}
15:44:22.931 [main] DEBUG o.h.internal.SessionFactoryImpl - Instantiating session factory with properties: {java.runtime.name=Java(TM) SE Runtime Environment, hibernate.connection.password=MTTFWWETNAfan1, sun.boot.library.path=C:\Program Files\Java\jdk1.8.0_60\jre\bin, hibernate.default_schema=KimD, java.vm.version=25.60-b23, hibernate.connection.username=KimD, java.vm.vendor=Oracle Corporation, java.vendor.url=http://java.oracle.com/, path.separator=;, java.vm.name=Java HotSpot(TM) 64-Bit Server VM, file.encoding.pkg=sun.io, user.script=, user.country=US, sun.java.launcher=SUN_STANDARD, sun.os.patch.level=, java.vm.specification.name=Java Virtual Machine Specification, user.dir=C:\Users\Daniel\git\FinalExamStarter\FirstBankMortgage_JavaFx, java.runtime.version=1.8.0_60-b27, java.awt.graphicsenv=sun.awt.Win32GraphicsEnvironment, basedir=C:\Users\Daniel\git\FinalExamStarter\FirstBankMortgage_JavaFx, java.endorsed.dirs=C:\Program Files\Java\jdk1.8.0_60\jre\lib\endorsed, os.arch=amd64, surefire.real.class.path=C:\Users\Daniel\git\FinalExamStarter\FirstBankMortgage_JavaFx\target\surefire\surefirebooter694638368975436702.jar, java.io.tmpdir=C:\Users\Daniel\AppData\Local\Temp\, line.separator=
, java.vm.specification.vendor=Oracle Corporation, user.variant=, os.name=Windows 10, sun.jnu.encoding=Cp1252, java.library.path=C:\Program Files\Java\jdk1.8.0_60\jre\bin;C:\WINDOWS\Sun\Java\bin;C:\WINDOWS\system32;C:\WINDOWS;C:/Program Files/Java/jre1.8.0_66/bin/server;C:/Program Files/Java/jre1.8.0_66/bin;C:/Program Files/Java/jre1.8.0_66/lib/amd64;C:\ProgramData\Oracle\Java\javapath;C:\Program Files (x86)\NVIDIA Corporation\PhysX\Common;c:\Program Files (x86)\Intel\iCLS Client\;c:\Program Files\Intel\iCLS Client\;C:\WINDOWS\system32;C:\WINDOWS;C:\WINDOWS\System32\Wbem;C:\WINDOWS\System32\WindowsPowerShell\v1.0\;C:\Program Files\Hewlett-Packard\SimplePass\;C:\Program Files\Intel\Intel(R) Management Engine Components\DAL;C:\Program Files\Intel\Intel(R) Management Engine Components\IPT;C:\Program Files (x86)\Intel\Intel(R) Management Engine Components\DAL;C:\Program Files (x86)\Intel\Intel(R) Management Engine Components\IPT;c:\Program Files\Intel\WiFi\bin\;c:\Program Files\Common Files\Intel\WirelessCommon\;C:\Program Files (x86)\QuickTime\QTSystem\;c:\Program Files\Intel\WiFi\bin\;c:\Program Files\Common Files\Intel\WirelessCommon\;C:\Eclipse\Eclipse Mars J2SE\eclipse-java-mars-R-win32-x86_64\eclipse;;., surefire.test.class.path=C:\Users\Daniel\git\FinalExamStarter\FirstBankMortgage_JavaFx\target\test-classes;C:\Users\Daniel\git\FinalExamStarter\FirstBankMortgage_JavaFx\target\classes;C:\Users\Daniel\.m2\repository\org\springframework\spring-context\3.2.3.RELEASE\spring-context-3.2.3.RELEASE.jar;C:\Users\Daniel\.m2\repository\org\springframework\spring-aop\3.2.3.RELEASE\spring-aop-3.2.3.RELEASE.jar;C:\Users\Daniel\.m2\repository\org\springframework\spring-beans\3.2.3.RELEASE\spring-beans-3.2.3.RELEASE.jar;C:\Users\Daniel\.m2\repository\org\springframework\spring-core\3.2.3.RELEASE\spring-core-3.2.3.RELEASE.jar;C:\Users\Daniel\.m2\repository\commons-logging\commons-logging\1.1.1\commons-logging-1.1.1.jar;C:\Users\Daniel\.m2\repository\org\springframework\spring-expression\3.2.3.RELEASE\spring-expression-3.2.3.RELEASE.jar;C:\Users\Daniel\.m2\repository\org\springframework\spring-tx\3.2.3.RELEASE\spring-tx-3.2.3.RELEASE.jar;C:\Users\Daniel\.m2\repository\aopalliance\aopalliance\1.0\aopalliance-1.0.jar;C:\Users\Daniel\.m2\repository\org\slf4j\slf4j-api\1.7.5\slf4j-api-1.7.5.jar;C:\Users\Daniel\.m2\repository\ch\qos\logback\logback-classic\1.0.13\logback-classic-1.0.13.jar;C:\Users\Daniel\.m2\repository\ch\qos\logback\logback-core\1.0.13\logback-core-1.0.13.jar;C:\Users\Daniel\.m2\repository\org\hibernate\hibernate-entitymanager\4.2.1.Final\hibernate-entitymanager-4.2.1.Final.jar;C:\Users\Daniel\.m2\repository\org\jboss\logging\jboss-logging\3.1.0.GA\jboss-logging-3.1.0.GA.jar;C:\Users\Daniel\.m2\repository\org\hibernate\hibernate-core\4.2.1.Final\hibernate-core-4.2.1.Final.jar;C:\Users\Daniel\.m2\repository\antlr\antlr\2.7.7\antlr-2.7.7.jar;C:\Users\Daniel\.m2\repository\dom4j\dom4j\1.6.1\dom4j-1.6.1.jar;C:\Users\Daniel\.m2\repository\org\jboss\spec\javax\transaction\jboss-transaction-api_1.1_spec\1.0.1.Final\jboss-transaction-api_1.1_spec-1.0.1.Final.jar;C:\Users\Daniel\.m2\repository\org\hibernate\javax\persistence\hibernate-jpa-2.0-api\1.0.1.Final\hibernate-jpa-2.0-api-1.0.1.Final.jar;C:\Users\Daniel\.m2\repository\org\javassist\javassist\3.15.0-GA\javassist-3.15.0-GA.jar;C:\Users\Daniel\.m2\repository\org\hibernate\common\hibernate-commons-annotations\4.0.1.Final\hibernate-commons-annotations-4.0.1.Final.jar;C:\Users\Daniel\.m2\repository\org\springframework\spring-test\3.2.3.RELEASE\spring-test-3.2.3.RELEASE.jar;C:\Users\Daniel\.m2\repository\junit\junit\4.11\junit-4.11.jar;C:\Users\Daniel\.m2\repository\org\hamcrest\hamcrest-core\1.3\hamcrest-core-1.3.jar;C:\Users\Daniel\.m2\repository\org\springframework\samples\FirstBankMortgage_DAL\0.0.1-SNAPSHOT\FirstBankMortgage_DAL-0.0.1-SNAPSHOT.jar;C:\Users\Daniel\.m2\repository\org\apache\poi\poi\3.9\poi-3.9.jar;C:\Users\Daniel\.m2\repository\commons-codec\commons-codec\1.5\commons-codec-1.5.jar;C:\Users\Daniel\.m2\repository\com\oracle\ojdbc6\11.2.0.3\ojdbc6-11.2.0.3.jar;, java.specification.name=Java Platform API Specification, java.class.version=52.0, sun.management.compiler=HotSpot 64-Bit Tiered Compilers, os.version=10.0, user.home=C:\Users\Daniel, user.timezone=America/New_York, java.awt.printerjob=sun.awt.windows.WPrinterJob, java.specification.version=1.8, file.encoding=Cp1252, hibernate.format_sql=true, show_sql=true, user.name=Daniel, java.class.path=C:\Users\Daniel\git\FinalExamStarter\FirstBankMortgage_JavaFx\target\test-classes;C:\Users\Daniel\git\FinalExamStarter\FirstBankMortgage_JavaFx\target\classes;C:\Users\Daniel\.m2\repository\org\springframework\spring-context\3.2.3.RELEASE\spring-context-3.2.3.RELEASE.jar;C:\Users\Daniel\.m2\repository\org\springframework\spring-aop\3.2.3.RELEASE\spring-aop-3.2.3.RELEASE.jar;C:\Users\Daniel\.m2\repository\org\springframework\spring-beans\3.2.3.RELEASE\spring-beans-3.2.3.RELEASE.jar;C:\Users\Daniel\.m2\repository\org\springframework\spring-core\3.2.3.RELEASE\spring-core-3.2.3.RELEASE.jar;C:\Users\Daniel\.m2\repository\commons-logging\commons-logging\1.1.1\commons-logging-1.1.1.jar;C:\Users\Daniel\.m2\repository\org\springframework\spring-expression\3.2.3.RELEASE\spring-expression-3.2.3.RELEASE.jar;C:\Users\Daniel\.m2\repository\org\springframework\spring-tx\3.2.3.RELEASE\spring-tx-3.2.3.RELEASE.jar;C:\Users\Daniel\.m2\repository\aopalliance\aopalliance\1.0\aopalliance-1.0.jar;C:\Users\Daniel\.m2\repository\org\slf4j\slf4j-api\1.7.5\slf4j-api-1.7.5.jar;C:\Users\Daniel\.m2\repository\ch\qos\logback\logback-classic\1.0.13\logback-classic-1.0.13.jar;C:\Users\Daniel\.m2\repository\ch\qos\logback\logback-core\1.0.13\logback-core-1.0.13.jar;C:\Users\Daniel\.m2\repository\org\hibernate\hibernate-entitymanager\4.2.1.Final\hibernate-entitymanager-4.2.1.Final.jar;C:\Users\Daniel\.m2\repository\org\jboss\logging\jboss-logging\3.1.0.GA\jboss-logging-3.1.0.GA.jar;C:\Users\Daniel\.m2\repository\org\hibernate\hibernate-core\4.2.1.Final\hibernate-core-4.2.1.Final.jar;C:\Users\Daniel\.m2\repository\antlr\antlr\2.7.7\antlr-2.7.7.jar;C:\Users\Daniel\.m2\repository\dom4j\dom4j\1.6.1\dom4j-1.6.1.jar;C:\Users\Daniel\.m2\repository\org\jboss\spec\javax\transaction\jboss-transaction-api_1.1_spec\1.0.1.Final\jboss-transaction-api_1.1_spec-1.0.1.Final.jar;C:\Users\Daniel\.m2\repository\org\hibernate\javax\persistence\hibernate-jpa-2.0-api\1.0.1.Final\hibernate-jpa-2.0-api-1.0.1.Final.jar;C:\Users\Daniel\.m2\repository\org\javassist\javassist\3.15.0-GA\javassist-3.15.0-GA.jar;C:\Users\Daniel\.m2\repository\org\hibernate\common\hibernate-commons-annotations\4.0.1.Final\hibernate-commons-annotations-4.0.1.Final.jar;C:\Users\Daniel\.m2\repository\org\springframework\spring-test\3.2.3.RELEASE\spring-test-3.2.3.RELEASE.jar;C:\Users\Daniel\.m2\repository\junit\junit\4.11\junit-4.11.jar;C:\Users\Daniel\.m2\repository\org\hamcrest\hamcrest-core\1.3\hamcrest-core-1.3.jar;C:\Users\Daniel\.m2\repository\org\springframework\samples\FirstBankMortgage_DAL\0.0.1-SNAPSHOT\FirstBankMortgage_DAL-0.0.1-SNAPSHOT.jar;C:\Users\Daniel\.m2\repository\org\apache\poi\poi\3.9\poi-3.9.jar;C:\Users\Daniel\.m2\repository\commons-codec\commons-codec\1.5\commons-codec-1.5.jar;C:\Users\Daniel\.m2\repository\com\oracle\ojdbc6\11.2.0.3\ojdbc6-11.2.0.3.jar;, hibernate.bytecode.use_reflection_optimizer=false, format_sql=true, hibernate.show_sql=true, java.vm.specification.version=1.8, sun.arch.data.model=64, java.home=C:\Program Files\Java\jdk1.8.0_60\jre, sun.java.command=C:\Users\Daniel\git\FinalExamStarter\FirstBankMortgage_JavaFx\target\surefire\surefirebooter694638368975436702.jar C:\Users\Daniel\git\FinalExamStarter\FirstBankMortgage_JavaFx\target\surefire\surefire8534996908124605864tmp C:\Users\Daniel\git\FinalExamStarter\FirstBankMortgage_JavaFx\target\surefire\surefire_08590772291659754045tmp, hibernate.dialect=org.hibernate.dialect.Oracle10gDialect, hibernate.connection.url=jdbc:oracle:thin:@cisc181.ci3wacsy5j84.us-east-1.rds.amazonaws.com:1521:ORCL, java.specification.vendor=Oracle Corporation, user.language=en, awt.toolkit=sun.awt.windows.WToolkit, java.vm.info=mixed mode, java.version=1.8.0_60, java.ext.dirs=C:\Program Files\Java\jdk1.8.0_60\jre\lib\ext;C:\WINDOWS\Sun\Java\lib\ext, sun.boot.class.path=C:\Program Files\Java\jdk1.8.0_60\jre\lib\resources.jar;C:\Program Files\Java\jdk1.8.0_60\jre\lib\rt.jar;C:\Program Files\Java\jdk1.8.0_60\jre\lib\sunrsasign.jar;C:\Program Files\Java\jdk1.8.0_60\jre\lib\jsse.jar;C:\Program Files\Java\jdk1.8.0_60\jre\lib\jce.jar;C:\Program Files\Java\jdk1.8.0_60\jre\lib\charsets.jar;C:\Program Files\Java\jdk1.8.0_60\jre\lib\jfr.jar;C:\Program Files\Java\jdk1.8.0_60\jre\classes, java.vendor=Oracle Corporation, localRepository=C:\Users\Daniel\.m2\repository, file.separator=\, java.vendor.url.bug=http://bugreport.sun.com/bugreport/, hibernate.hbm2ddl.auto=update, sun.cpu.endian=little, sun.io.unicode.encoding=UnicodeLittle, sun.desktop=windows, sun.cpu.isalist=amd64}
15:44:22.943 [main] DEBUG o.h.i.f.i.DefaultIdentifierGeneratorFactory - Setting dialect [org.hibernate.dialect.Oracle10gDialect]
15:44:23.026 [main] DEBUG o.h.p.entity.AbstractEntityPersister - Static SQL for entity: domain.RateDomainModel
15:44:23.026 [main] DEBUG o.h.p.entity.AbstractEntityPersister -  Version select: select RateID from KimD.tblrate where RateID =?
15:44:23.026 [main] DEBUG o.h.p.entity.AbstractEntityPersister -  Snapshot select: select ratedomain_.RateID, ratedomain_.MinCreditScore as MinCredi2_0_, ratedomain_.InterestRate as Interest3_0_ from KimD.tblrate ratedomain_ where ratedomain_.RateID=?
15:44:23.026 [main] DEBUG o.h.p.entity.AbstractEntityPersister -  Insert 0: insert into KimD.tblrate (MinCreditScore, InterestRate, RateID) values (?, ?, ?)
15:44:23.026 [main] DEBUG o.h.p.entity.AbstractEntityPersister -  Update 0: update KimD.tblrate set MinCreditScore=?, InterestRate=? where RateID=?
15:44:23.026 [main] DEBUG o.h.p.entity.AbstractEntityPersister -  Delete 0: delete from KimD.tblrate where RateID=?
15:44:23.039 [main] DEBUG org.hibernate.loader.Loader - Static select for entity domain.RateDomainModel [NONE]: select ratedomain0_.RateID as RateID1_0_0_, ratedomain0_.MinCreditScore as MinCredi2_0_0_, ratedomain0_.InterestRate as Interest3_0_0_ from KimD.tblrate ratedomain0_ where ratedomain0_.RateID=?
15:44:23.039 [main] DEBUG org.hibernate.loader.Loader - Static select for entity domain.RateDomainModel [READ]: select ratedomain0_.RateID as RateID1_0_0_, ratedomain0_.MinCreditScore as MinCredi2_0_0_, ratedomain0_.InterestRate as Interest3_0_0_ from KimD.tblrate ratedomain0_ where ratedomain0_.RateID=?
15:44:23.039 [main] DEBUG org.hibernate.loader.Loader - Static select for entity domain.RateDomainModel [UPGRADE]: select ratedomain0_.RateID as RateID1_0_0_, ratedomain0_.MinCreditScore as MinCredi2_0_0_, ratedomain0_.InterestRate as Interest3_0_0_ from KimD.tblrate ratedomain0_ where ratedomain0_.RateID=? for update
15:44:23.039 [main] DEBUG org.hibernate.loader.Loader - Static select for entity domain.RateDomainModel [UPGRADE_NOWAIT]: select ratedomain0_.RateID as RateID1_0_0_, ratedomain0_.MinCreditScore as MinCredi2_0_0_, ratedomain0_.InterestRate as Interest3_0_0_ from KimD.tblrate ratedomain0_ where ratedomain0_.RateID=? for update nowait
15:44:23.039 [main] DEBUG org.hibernate.loader.Loader - Static select for entity domain.RateDomainModel [FORCE]: select ratedomain0_.RateID as RateID1_0_0_, ratedomain0_.MinCreditScore as MinCredi2_0_0_, ratedomain0_.InterestRate as Interest3_0_0_ from KimD.tblrate ratedomain0_ where ratedomain0_.RateID=? for update nowait
15:44:23.040 [main] DEBUG org.hibernate.loader.Loader - Static select for entity domain.RateDomainModel [PESSIMISTIC_READ]: select ratedomain0_.RateID as RateID1_0_0_, ratedomain0_.MinCreditScore as MinCredi2_0_0_, ratedomain0_.InterestRate as Interest3_0_0_ from KimD.tblrate ratedomain0_ where ratedomain0_.RateID=? for update
15:44:23.040 [main] DEBUG org.hibernate.loader.Loader - Static select for entity domain.RateDomainModel [PESSIMISTIC_WRITE]: select ratedomain0_.RateID as RateID1_0_0_, ratedomain0_.MinCreditScore as MinCredi2_0_0_, ratedomain0_.InterestRate as Interest3_0_0_ from KimD.tblrate ratedomain0_ where ratedomain0_.RateID=? for update
15:44:23.040 [main] DEBUG org.hibernate.loader.Loader - Static select for entity domain.RateDomainModel [PESSIMISTIC_FORCE_INCREMENT]: select ratedomain0_.RateID as RateID1_0_0_, ratedomain0_.MinCreditScore as MinCredi2_0_0_, ratedomain0_.InterestRate as Interest3_0_0_ from KimD.tblrate ratedomain0_ where ratedomain0_.RateID=? for update nowait
15:44:23.040 [main] DEBUG org.hibernate.loader.Loader - Static select for entity domain.RateDomainModel [OPTIMISTIC]: select ratedomain0_.RateID as RateID1_0_0_, ratedomain0_.MinCreditScore as MinCredi2_0_0_, ratedomain0_.InterestRate as Interest3_0_0_ from KimD.tblrate ratedomain0_ where ratedomain0_.RateID=?
15:44:23.040 [main] DEBUG org.hibernate.loader.Loader - Static select for entity domain.RateDomainModel [OPTIMISTIC_FORCE_INCREMENT]: select ratedomain0_.RateID as RateID1_0_0_, ratedomain0_.MinCreditScore as MinCredi2_0_0_, ratedomain0_.InterestRate as Interest3_0_0_ from KimD.tblrate ratedomain0_ where ratedomain0_.RateID=?
15:44:23.045 [main] DEBUG org.hibernate.loader.Loader - Static select for action ACTION_MERGE on entity domain.RateDomainModel: select ratedomain0_.RateID as RateID1_0_0_, ratedomain0_.MinCreditScore as MinCredi2_0_0_, ratedomain0_.InterestRate as Interest3_0_0_ from KimD.tblrate ratedomain0_ where ratedomain0_.RateID=?
15:44:23.045 [main] DEBUG org.hibernate.loader.Loader - Static select for action ACTION_REFRESH on entity domain.RateDomainModel: select ratedomain0_.RateID as RateID1_0_0_, ratedomain0_.MinCreditScore as MinCredi2_0_0_, ratedomain0_.InterestRate as Interest3_0_0_ from KimD.tblrate ratedomain0_ where ratedomain0_.RateID=?
15:44:23.046 [main] DEBUG o.h.internal.SessionFactoryRegistry - Initializing SessionFactoryRegistry : org.hibernate.internal.SessionFactoryRegistry@7d3e8655
15:44:23.048 [main] DEBUG o.h.internal.SessionFactoryRegistry - Registering SessionFactory: ea6511b8-904a-46ed-a130-b66ca977a4e9 (&lt;unnamed&gt;)
15:44:23.048 [main] DEBUG o.h.internal.SessionFactoryRegistry - Not binding SessionFactory to JNDI, no JNDI name configured
15:44:23.048 [main] DEBUG o.h.internal.SessionFactoryImpl - Instantiated session factory
15:44:23.052 [main] INFO  o.h.tool.hbm2ddl.SchemaUpdate - HHH000228: Running hbm2ddl schema update
15:44:23.052 [main] INFO  o.h.tool.hbm2ddl.SchemaUpdate - HHH000102: Fetching database metadata
15:44:23.214 [main] INFO  o.h.tool.hbm2ddl.SchemaUpdate - HHH000396: Updating schema
15:44:23.215 [main] DEBUG org.hibernate.cfg.Configuration - Processing hbm.xml files
15:44:23.215 [main] DEBUG org.hibernate.cfg.Configuration - Process annotated classes
15:44:23.215 [main] DEBUG org.hibernate.cfg.Configuration - Processing fk mappings (*ToOne and JoinedSubclass)
15:44:23.215 [main] DEBUG org.hibernate.cfg.Configuration - Processing extends queue
15:44:23.215 [main] DEBUG org.hibernate.cfg.Configuration - Processing extends queue
15:44:23.215 [main] DEBUG org.hibernate.cfg.Configuration - Processing collection mappings
15:44:23.215 [main] DEBUG org.hibernate.cfg.Configuration - Processing native query and ResultSetMapping mappings
15:44:23.215 [main] DEBUG org.hibernate.cfg.Configuration - Processing association property references
15:44:23.216 [main] DEBUG org.hibernate.cfg.Configuration - Creating tables&apos; unique integer identifiers
15:44:23.216 [main] DEBUG org.hibernate.cfg.Configuration - Processing foreign key constraints
15:44:23.392 [main] INFO  o.h.tool.hbm2ddl.TableMetadata - HHH000261: Table found: KIMD.TBLRATE
15:44:23.393 [main] INFO  o.h.tool.hbm2ddl.TableMetadata - HHH000037: Columns: [interestrate, mincreditscore, rateid]
15:44:23.393 [main] INFO  o.h.tool.hbm2ddl.TableMetadata - HHH000108: Foreign keys: []
15:44:23.393 [main] INFO  o.h.tool.hbm2ddl.TableMetadata - HHH000126: Indexes: []
15:44:23.394 [main] DEBUG o.h.i.f.i.DefaultIdentifierGeneratorFactory - Setting dialect [org.hibernate.dialect.Oracle10gDialect]
15:44:23.395 [main] INFO  o.h.tool.hbm2ddl.SchemaUpdate - HHH000232: Schema update complete
15:44:23.396 [main] DEBUG o.h.internal.SessionFactoryImpl - Checking 0 named HQL queries
15:44:23.396 [main] DEBUG o.h.internal.SessionFactoryImpl - Checking 0 named SQL queries
15:44:23.413 [main] DEBUG o.h.s.internal.StatisticsInitiator - Statistics initialized [enabled=false]
15:44:23.502 [main] DEBUG o.h.e.t.spi.AbstractTransactionImpl - begin
15:44:23.502 [main] DEBUG o.h.e.j.i.LogicalConnectionImpl - Obtaining JDBC connection
15:44:23.503 [main] DEBUG o.h.e.j.i.LogicalConnectionImpl - Obtained JDBC connection
15:44:23.503 [main] DEBUG o.h.e.t.i.jdbc.JdbcTransaction - initial autocommit status: false
15:44:23.549 [main] DEBUG o.h.h.i.ast.QueryTranslatorImpl - parse() - HQL: FROM domain.RateDomainModel
15:44:23.555 [main] DEBUG o.h.h.i.ast.QueryTranslatorImpl - --- HQL AST ---
 \-[QUERY] Node: &apos;query&apos;
    \-[SELECT_FROM] Node: &apos;SELECT_FROM&apos;
       \-[FROM] Node: &apos;FROM&apos;
          \-[RANGE] Node: &apos;RANGE&apos;
             \-[DOT] Node: &apos;.&apos;
                +-[IDENT] Node: &apos;domain&apos;
                \-[IDENT] Node: &apos;RateDomainModel&apos;

15:44:23.555 [main] DEBUG o.h.hql.internal.ast.ErrorCounter - throwQueryException() : no errors
15:44:23.603 [main] DEBUG o.h.h.i.antlr.HqlSqlBaseWalker - select &lt;&lt; begin [level=1, statement=select]
15:44:23.614 [main] DEBUG o.h.h.internal.ast.tree.FromElement - FromClause{level=1} : domain.RateDomainModel (&lt;no alias&gt;) -&gt; ratedomain0_
15:44:23.615 [main] DEBUG o.h.h.i.antlr.HqlSqlBaseWalker - select : finishing up [level=1, statement=select]
15:44:23.615 [main] DEBUG o.h.hql.internal.ast.HqlSqlWalker - processQuery() :  ( SELECT ( FromClause{level=1} KimD.tblrate ratedomain0_ ) )
15:44:23.618 [main] DEBUG o.h.hql.internal.ast.HqlSqlWalker - Derived SELECT clause created.
15:44:23.622 [main] DEBUG o.h.h.i.ast.util.JoinProcessor - Using FROM fragment [KimD.tblrate ratedomain0_]
15:44:23.622 [main] DEBUG o.h.h.i.antlr.HqlSqlBaseWalker - select &gt;&gt; end [level=1, statement=select]
15:44:23.623 [main] DEBUG o.h.h.i.ast.QueryTranslatorImpl - --- SQL AST ---
 \-[SELECT] QueryNode: &apos;SELECT&apos;  querySpaces (KimD.tblrate)
    +-[SELECT_CLAUSE] SelectClause: &apos;{derived select clause}&apos;
    |  +-[SELECT_EXPR] SelectExpressionImpl: &apos;ratedomain0_.RateID as RateID1_0_&apos; {FromElement{explicit,not a collection join,not a fetch join,fetch non-lazy properties,classAlias=null,role=null,tableName=KimD.tblrate,tableAlias=ratedomain0_,origin=null,columns={,className=domain.RateDomainModel}}}
    |  \-[SQL_TOKEN] SqlFragment: &apos;ratedomain0_.MinCreditScore as MinCredi2_0_, ratedomain0_.InterestRate as Interest3_0_&apos;
    \-[FROM] FromClause: &apos;FROM&apos; FromClause{level=1, fromElementCounter=1, fromElements=1, fromElementByClassAlias=[], fromElementByTableAlias=[ratedomain0_], fromElementsByPath=[], collectionJoinFromElementsByPath=[], impliedElements=[]}
       \-[FROM_FRAGMENT] FromElement: &apos;KimD.tblrate ratedomain0_&apos; FromElement{explicit,not a collection join,not a fetch join,fetch non-lazy properties,classAlias=null,role=null,tableName=KimD.tblrate,tableAlias=ratedomain0_,origin=null,columns={,className=domain.RateDomainModel}}

15:44:23.623 [main] DEBUG o.h.hql.internal.ast.ErrorCounter - throwQueryException() : no errors
15:44:23.628 [main] DEBUG o.h.h.i.ast.QueryTranslatorImpl - HQL: FROM domain.RateDomainModel
15:44:23.628 [main] DEBUG o.h.h.i.ast.QueryTranslatorImpl - SQL: select ratedomain0_.RateID as RateID1_0_, ratedomain0_.MinCreditScore as MinCredi2_0_, ratedomain0_.InterestRate as Interest3_0_ from KimD.tblrate ratedomain0_
15:44:23.629 [main] DEBUG o.h.hql.internal.ast.ErrorCounter - throwQueryException() : no errors
15:44:23.666 [main] DEBUG org.hibernate.SQL - 
    select
        ratedomain0_.RateID as RateID1_0_,
        ratedomain0_.MinCreditScore as MinCredi2_0_,
        ratedomain0_.InterestRate as Interest3_0_ 
    from
        KimD.tblrate ratedomain0_
Hibernate: 
    select
        ratedomain0_.RateID as RateID1_0_,
        ratedomain0_.MinCreditScore as MinCredi2_0_,
        ratedomain0_.InterestRate as Interest3_0_ 
    from
        KimD.tblrate ratedomain0_
15:44:23.677 [main] DEBUG org.hibernate.loader.Loader - Result set row: 0
15:44:23.679 [main] DEBUG org.hibernate.loader.Loader - Result row: EntityKey[domain.RateDomainModel#1]
15:44:23.684 [main] DEBUG org.hibernate.loader.Loader - Result set row: 1
15:44:23.684 [main] DEBUG org.hibernate.loader.Loader - Result row: EntityKey[domain.RateDomainModel#2]
15:44:23.684 [main] DEBUG org.hibernate.loader.Loader - Result set row: 2
15:44:23.684 [main] DEBUG org.hibernate.loader.Loader - Result row: EntityKey[domain.RateDomainModel#3]
15:44:23.684 [main] DEBUG org.hibernate.loader.Loader - Result set row: 3
15:44:23.684 [main] DEBUG org.hibernate.loader.Loader - Result row: EntityKey[domain.RateDomainModel#4]
15:44:23.684 [main] DEBUG org.hibernate.loader.Loader - Result set row: 4
15:44:23.684 [main] DEBUG org.hibernate.loader.Loader - Result row: EntityKey[domain.RateDomainModel#5]
15:44:23.685 [main] DEBUG o.h.engine.internal.TwoPhaseLoad - Resolving associations for [domain.RateDomainModel#1]
15:44:23.686 [main] DEBUG o.h.engine.internal.TwoPhaseLoad - Done materializing entity [domain.RateDomainModel#1]
15:44:23.686 [main] DEBUG o.h.engine.internal.TwoPhaseLoad - Resolving associations for [domain.RateDomainModel#2]
15:44:23.686 [main] DEBUG o.h.engine.internal.TwoPhaseLoad - Done materializing entity [domain.RateDomainModel#2]
15:44:23.687 [main] DEBUG o.h.engine.internal.TwoPhaseLoad - Resolving associations for [domain.RateDomainModel#3]
15:44:23.687 [main] DEBUG o.h.engine.internal.TwoPhaseLoad - Done materializing entity [domain.RateDomainModel#3]
15:44:23.687 [main] DEBUG o.h.engine.internal.TwoPhaseLoad - Resolving associations for [domain.RateDomainModel#4]
15:44:23.687 [main] DEBUG o.h.engine.internal.TwoPhaseLoad - Done materializing entity [domain.RateDomainModel#4]
15:44:23.687 [main] DEBUG o.h.engine.internal.TwoPhaseLoad - Resolving associations for [domain.RateDomainModel#5]
15:44:23.687 [main] DEBUG o.h.engine.internal.TwoPhaseLoad - Done materializing entity [domain.RateDomainModel#5]
15:44:23.688 [main] DEBUG o.h.e.t.spi.AbstractTransactionImpl - committing
15:44:23.688 [main] DEBUG o.h.e.i.AbstractFlushingEventListener - Processing flush-time cascades
15:44:23.690 [main] DEBUG o.h.e.i.AbstractFlushingEventListener - Dirty checking collections
15:44:23.691 [main] DEBUG o.h.e.i.AbstractFlushingEventListener - Flushed: 0 insertions, 0 updates, 0 deletions to 5 objects
15:44:23.691 [main] DEBUG o.h.e.i.AbstractFlushingEventListener - Flushed: 0 (re)creations, 0 updates, 0 removals to 0 collections
15:44:23.692 [main] DEBUG o.h.internal.util.EntityPrinter - Listing entities:
15:44:23.692 [main] DEBUG o.h.internal.util.EntityPrinter - domain.RateDomainModel{RateID=4, MinCreditScore=750, InterestRate=3.75}
15:44:23.692 [main] DEBUG o.h.internal.util.EntityPrinter - domain.RateDomainModel{RateID=5, MinCreditScore=800, InterestRate=3.5}
15:44:23.692 [main] DEBUG o.h.internal.util.EntityPrinter - domain.RateDomainModel{RateID=2, MinCreditScore=650, InterestRate=4.5}
15:44:23.692 [main] DEBUG o.h.internal.util.EntityPrinter - domain.RateDomainModel{RateID=3, MinCreditScore=700, InterestRate=4.0}
15:44:23.693 [main] DEBUG o.h.internal.util.EntityPrinter - domain.RateDomainModel{RateID=1, MinCreditScore=600, InterestRate=5.0}
15:44:23.701 [main] DEBUG o.h.e.t.i.jdbc.JdbcTransaction - committed JDBC Connection
</system-out>
  </testcase>
</testsuite>